SQL:
CREATE TABLE IF NOT EXISTS t_Voox (c_t8WxCv85 REAL, c_W20Nya0Uc INTEGER NOT NULL CHECK (c_W20Nya0Uc >= 0), c_y4Ga2lvx TEXT, c_WwU5bq REAL, c_mVF0tc0l INTEGER, c_WnSEZSmYNe INTEGER, c_Pd3 NUMERIC, c_rLsYHYrD6L TEXT COLLATE NOCASE, c_YxKdv REAL, PRIMARY KEY (c_y4Ga2lvx, c_mVF0tc0l, c_W20Nya0Uc));
CREATE TABLE IF NOT EXISTS t_2TDbdFa (c_IC7olsaBfY REAL, c_lcq REAL, c_EsGRsY NUMERIC);
CREATE TABLE t_dSFRXqfo (c_rQBAKB2sb TEXT CHECK (length(c_rQBAKB2sb) > 0), c_Dvv0DzJuh4 NUMERIC NOT NULL, c_OUC3AqVQ NUMERIC DEFAULT -66458, c_ernaD INTEGER, c_4PyeX TEXT, c_Hrkr88uWJ TEXT, c_VfL0X TEXT UNIQUE, c_7QAyG INTEGER UNIQUE, c_eQz8Yq6f TEXT COLLATE BINARY, c_SMjU3 INTEGER);
INSERT OR REPLACE INTO t_Voox (c_t8WxCv85, c_W20Nya0Uc, c_y4Ga2lvx, c_WwU5bq, c_mVF0tc0l, c_WnSEZSmYNe, c_Pd3, c_rLsYHYrD6L, c_YxKdv) VALUES (-616987.6271383597, 770396, 'ETWtmuQ0aVjHu3gWW_2', -403354.0210835113, -811522, 894051, -321942, 'kq0Mxhr8RaH3T5II3_7', -891074.1768901085), (749355.421536518, 295930, 'eyHY0DQP_102', 431912.64168542996, 964252, 1192731, 1703753, 'KUBDD1yUYhlBdqvP19u_107', -454552.287344776);
INSERT INTO t_Voox (c_t8WxCv85, c_W20Nya0Uc, c_y4Ga2lvx, c_WwU5bq, c_mVF0tc0l, c_WnSEZSmYNe, c_Pd3, c_rLsYHYrD6L, c_YxKdv) VALUES (-197038.17934352183, -973557, 'QgFA_2', -221958.75461148296, -361910, -505714, -529320, 'QA9_7', -774999.0634274991), (-791990.1124271112, 690563, 'ehV0Pr4lvyYCY3uN15s_102', -277637.5225851234, 1946956, 892557, 1861449, 't0OaY2ZGsRHl1_107', -1767.8663735522423);
REPLACE INTO t_2TDbdFa (c_IC7olsaBfY, c_lcq, c_EsGRsY) VALUES (-492140.2782731075, -478918.267635252, -936806), (-81651.89455631329, 310578.0772885615, 1483025);
INSERT OR FAIL INTO t_2TDbdFa (c_IC7olsaBfY, c_lcq, c_EsGRsY) VALUES (494438.043178614, 916908.7661607463, 774559), (-938070.3773610594, -966655.3687176926, 1984046), (-803451.7277493591, 233386.18934398564, 2824490);
INSERT OR REPLACE INTO t_2TDbdFa (c_IC7olsaBfY, c_lcq, c_EsGRsY) VALUES (105652.70878346963, 332892.41148952, -760925), (-939148.2019433607, -87120.7995839247, 1613999);
INSERT OR FAIL INTO t_2TDbdFa (c_IC7olsaBfY, c_lcq, c_EsGRsY) VALUES (-310282.26471089385, -4885.716725597391, -85795), (-180474.3075247245, 658092.4149061255, 1751235);
INSERT OR ABORT INTO t_2TDbdFa (c_IC7olsaBfY, c_lcq, c_EsGRsY) SELECT 170844.38979752758, 102604.46588929486, 154650;
INSERT OR ABORT INTO t_dSFRXqfo (c_rQBAKB2sb, c_Dvv0DzJuh4, c_OUC3AqVQ, c_ernaD, c_4PyeX, c_Hrkr88uWJ, c_VfL0X, c_7QAyG, c_eQz8Yq6f, c_SMjU3) VALUES ('rU0b_0', -242865, -534924, -951100, '1xVW_4', '4SU_5', 'iQqK3HPHJQqD_6', 202441, 'bG45_8', 155451);
INSERT OR IGNORE INTO t_dSFRXqfo (c_rQBAKB2sb, c_Dvv0DzJuh4, c_OUC3AqVQ, c_ernaD, c_4PyeX, c_Hrkr88uWJ, c_VfL0X, c_7QAyG, c_eQz8Yq6f, c_SMjU3) SELECT 'dKI', 37584, -427679, -675731, 'o', 'VzogPaVd83vgL', 'k16ceTWXX3OSSSO7rDQ', -18623, 'DQiHc', 788552;
REPLACE INTO t_dSFRXqfo (c_rQBAKB2sb, c_Dvv0DzJuh4, c_OUC3AqVQ, c_ernaD, c_4PyeX, c_Hrkr88uWJ, c_VfL0X, c_7QAyG, c_eQz8Yq6f, c_SMjU3) SELECT 'ZWLRVUWmU6ypJfNPQ', 686571, 826255, 259836, 'G', 'BoK', 'm6uTBGws0t56Jhb', 565555, '3srj44qIRrah', -353334;
INSERT INTO t_dSFRXqfo (c_rQBAKB2sb, c_Dvv0DzJuh4, c_OUC3AqVQ, c_ernaD, c_4PyeX, c_Hrkr88uWJ, c_VfL0X, c_7QAyG, c_eQz8Yq6f, c_SMjU3) VALUES ('8bdJ8GSM8SuyROaEAk5j_0', 661256, 380540, -599414, '1oHi5hujZfZa15P5_4', 'CKDUkNh_5', 'SnCMIkbVw9KzKw4JU_6', 6395, 'M_8', 440721);
UPDATE OR ROLLBACK t_2TDbdFa SET c_IC7olsaBfY = -434212.804380707 WHERE c_lcq != NULL;
SELECT DISTINCT t_Voox.c_t8WxCv85, *, t_dSFRXqfo.c_OUC3AqVQ IN (SELECT t_dSFRXqfo.c_Hrkr88uWJ FROM t_Voox LIMIT 5), NOT (t_Voox.c_mVF0tc0l >= t_dSFRXqfo.c_ernaD) FROM t_2TDbdFa, t_Voox, t_dSFRXqfo WHERE DATETIME(t_Voox.c_y4Ga2lvx, CASE WHEN t_Voox.c_y4Ga2lvx THEN t_2TDbdFa.c_IC7olsaBfY WHEN t_dSFRXqfo.c_VfL0X THEN t_dSFRXqfo.c_OUC3AqVQ WHEN t_2TDbdFa.c_IC7olsaBfY THEN t_Voox.c_y4Ga2lvx ELSE t_2TDbdFa.c_lcq END, CASE t_Voox.c_rLsYHYrD6L WHEN t_2TDbdFa.c_IC7olsaBfY THEN t_Voox.c_WwU5bq WHEN t_Voox.c_mVF0tc0l THEN t_2TDbdFa.c_lcq WHEN 'bcC9QOQ0woxSuFRxsJXG' THEN t_dSFRXqfo.c_4PyeX ELSE t_Voox.c_rLsYHYrD6L END) UNION ALL SELECT DISTINCT c_lcq, c_IC7olsaBfY, *, t_dSFRXqfo.c_eQz8Yq6f FROM t_dSFRXqfo, t_Voox, t_2TDbdFa WHERE ~ x'9858' GROUP BY c_lcq HAVING ~ CASE WHEN t_2TDbdFa.c_lcq THEN FALSE ELSE t_2TDbdFa.c_IC7olsaBfY END ORDER BY c_WnSEZSmYNe DESC;
BEGIN TRANSACTION;
INSERT OR REPLACE INTO t_Voox (c_t8WxCv85, c_W20Nya0Uc, c_y4Ga2lvx, c_WwU5bq, c_mVF0tc0l, c_WnSEZSmYNe, c_Pd3, c_rLsYHYrD6L, c_YxKdv) VALUES (-629587.3255568322, -50023, 'mfJIlgOHbsBy5U_2', 983273.662386626, -298579, 710524, -244085, 'dA3jyfglBsrs6hzB_7', -304080.8598240224), (549795.9602960406, 1130119, 'KeyVgF0rsQJma_102', -772232.4210163003, 560141, 292928, 1992620, 'kwRpo7dSUwesVlBvNC_107', -144854.4203056841), (697197.0000608263, 2205719, '9JUnZ7ENUg_202', 328745.03744968283, 2061089, 2879270, 1863713, 'JM9m30tpKDrSu1SgSn7u_207', 397876.69271312165);
WITH cte_cmT AS (SELECT 1) INSERT INTO t_dSFRXqfo (c_rQBAKB2sb, c_Dvv0DzJuh4, c_OUC3AqVQ, c_ernaD, c_4PyeX, c_Hrkr88uWJ, c_VfL0X, c_7QAyG, c_eQz8Yq6f, c_SMjU3) VALUES ('o571b7b9L8d3t_0', 719625, 511653, 293032, 's7Jk_4', 'Mk_5', 'Ng9KkIzzl8ecP2pU3u_6', -817404, 'AFK0t6riS_8', 160796), ('swOARUvOhNuD_100', 202622, 1820764, 594329, 'gttGvft1VaJUxQnY1IHt_104', 'ma_105', 'jHv4xuxYhjdJ1vp_106', 1649816, 'hUo1Wi5CYCQwf_108', 2050843);
COMMIT;
SELECT COUNT(*) FROM t_2TDbdFa;

--- v3.26.0 ---
OUT:
-966655.368717693|-938070.377361059|rU0b_0|-242865|-534924|-951100|1xVW_4|4SU_5|iQqK3HPHJQqD_6|202441|bG45_8|155451|-616987.62713836|770396|ETWtmuQ0aVjHu3gWW_2|-403354.021083511|-811522|894051|-321942|kq0Mxhr8RaH3T5II3_7|-891074.176890109|-938070.377361059|-966655.368717693|1984046|bG45_8
-478918.267635252|-492140.278273107|rU0b_0|-242865|-534924|-951100|1xVW_4|4SU_5|iQqK3HPHJQqD_6|202441|bG45_8|155451|-616987.62713836|770396|ETWtmuQ0aVjHu3gWW_2|-403354.021083511|-811522|894051|-321942|kq0Mxhr8RaH3T5II3_7|-891074.176890109|-492140.278273107|-478918.267635252|-936806|bG45_8
-87120.7995839247|-939148.201943361|rU0b_0|-242865|-534924|-951100|1xVW_4|4SU_5|iQqK3HPHJQqD_6|202441|bG45_8|155451|-616987.62713836|770396|ETWtmuQ0aVjHu3gWW_2|-403354.021083511|-811522|894051|-321942|kq0Mxhr8RaH3T5II3_7|-891074.176890109|-939148.201943361|-87120.7995839247|1613999|bG45_8
-4885.71672559739|-310282.264710894|rU0b_0|-242865|-534924|-951100|1xVW_4|4SU_5|iQqK3HPHJQqD_6|202441|bG45_8|155451|-616987.62713836|770396|ETWtmuQ0aVjHu3gWW_2|-403354.021083511|-811522|894051|-321942|kq0Mxhr8RaH3T5II3_7|-891074.176890109|-310282.264710894|-4885.71672559739|-85795|bG45_8
102604.465889295|170844.389797528|rU0b_0|-242865|-534924|-951100|1xVW_4|4SU_5|iQqK3HPHJQqD_6|202441|bG45_8|155451|-616987.62713836|770396|ETWtmuQ0aVjHu3gWW_2|-403354.021083511|-811522|894051|-321942|kq0Mxhr8RaH3T5II3_7|-891074.176890109|170844.389797528|102604.465889295|154650|bG45_8
233386.189343986|-803451.727749359|rU0b_0|-242865|-534924|-951100|1xVW_4|4SU_5|iQqK3HPHJQqD_6|202441|bG45_8|155451|-616987.62713836|770396|ETWtmuQ0aVjHu3gWW_2|-403354.021083511|-811522|894051|-321942|kq0Mxhr8RaH3T5II3_7|-891074.176890109|-803451.727749359|233386.189343986|2824490|bG45_8
310578.077288562|-81651.8945563133|rU0b_0|-242865|-534924|-951100|1xVW_4|4SU_5|iQqK3HPHJQqD_6|202441|bG45_8|155451|-616987.62713836|770396|ETWtmuQ0aVjHu3gWW_2|-403354.021083511|-811522|894051|-321942|kq0Mxhr8RaH3T5II3_7|-891074.176890109|-81651.8945563133|310578.077288562|1483025|bG45_8
332892.41148952|105652.70878347|rU0b_0|-242865|-534924|-951100|1xVW_4|4SU_5|iQqK3HPHJQqD_6|202441|bG45_8|155451|-616987.62713836|770396|ETWtmuQ0aVjHu3gWW_2|-403354.021083511|-811522|894051|-321942|kq0Mxhr8RaH3T5II3_7|-891074.176890109|105652.70878347|332892.41148952|-760925|bG45_8
658092.414906126|-180474.307524725|rU0b_0|-242865|-534924|-951100|1xVW_4|4SU_5|iQqK3HPHJQqD_6|202441|bG45_8|155451|-616987.62713836|770396|ETWtmuQ0aVjHu3gWW_2|-403354.021083511|-811522|894051|-321942|kq0Mxhr8RaH3T5II3_7|-891074.176890109|-180474.307524725|658092.414906126|1751235|bG45_8
916908.766160746|494438.043178614|rU0b_0|-242865|-534924|-951100|1xVW_4|4SU_5|iQqK3HPHJQqD_6|202441|bG45_8|155451|-616987.62713836|770396|ETWtmuQ0aVjHu3gWW_2|-403354.021083511|-811522|894051|-321942|kq0Mxhr8RaH3T5II3_7|-891074.176890109|494438.043178614|916908.766160746|774559|bG45_8
10

ERR:
Error: near line 5: CHECK constraint failed: t_Voox
Error: near line 18: CHECK constraint failed: t_Voox


--- v3.39.4 ---
OUT:
916908.766160746|494438.043178614|rU0b_0|-242865|-534924|-951100|1xVW_4|4SU_5|iQqK3HPHJQqD_6|202441|bG45_8|155451|-616987.62713836|770396|ETWtmuQ0aVjHu3gWW_2|-403354.021083511|-811522|894051|-321942|kq0Mxhr8RaH3T5II3_7|-891074.176890109|494438.043178614|916908.766160746|774559|bG45_8
658092.414906126|-180474.307524725|rU0b_0|-242865|-534924|-951100|1xVW_4|4SU_5|iQqK3HPHJQqD_6|202441|bG45_8|155451|-616987.62713836|770396|ETWtmuQ0aVjHu3gWW_2|-403354.021083511|-811522|894051|-321942|kq0Mxhr8RaH3T5II3_7|-891074.176890109|-180474.307524725|658092.414906126|1751235|bG45_8
332892.41148952|105652.70878347|rU0b_0|-242865|-534924|-951100|1xVW_4|4SU_5|iQqK3HPHJQqD_6|202441|bG45_8|155451|-616987.62713836|770396|ETWtmuQ0aVjHu3gWW_2|-403354.021083511|-811522|894051|-321942|kq0Mxhr8RaH3T5II3_7|-891074.176890109|105652.70878347|332892.41148952|-760925|bG45_8
310578.077288562|-81651.8945563133|rU0b_0|-242865|-534924|-951100|1xVW_4|4SU_5|iQqK3HPHJQqD_6|202441|bG45_8|155451|-616987.62713836|770396|ETWtmuQ0aVjHu3gWW_2|-403354.021083511|-811522|894051|-321942|kq0Mxhr8RaH3T5II3_7|-891074.176890109|-81651.8945563133|310578.077288562|1483025|bG45_8
233386.189343986|-803451.727749359|rU0b_0|-242865|-534924|-951100|1xVW_4|4SU_5|iQqK3HPHJQqD_6|202441|bG45_8|155451|-616987.62713836|770396|ETWtmuQ0aVjHu3gWW_2|-403354.021083511|-811522|894051|-321942|kq0Mxhr8RaH3T5II3_7|-891074.176890109|-803451.727749359|233386.189343986|2824490|bG45_8
102604.465889295|170844.389797528|rU0b_0|-242865|-534924|-951100|1xVW_4|4SU_5|iQqK3HPHJQqD_6|202441|bG45_8|155451|-616987.62713836|770396|ETWtmuQ0aVjHu3gWW_2|-403354.021083511|-811522|894051|-321942|kq0Mxhr8RaH3T5II3_7|-891074.176890109|170844.389797528|102604.465889295|154650|bG45_8
-4885.71672559739|-310282.264710894|rU0b_0|-242865|-534924|-951100|1xVW_4|4SU_5|iQqK3HPHJQqD_6|202441|bG45_8|155451|-616987.62713836|770396|ETWtmuQ0aVjHu3gWW_2|-403354.021083511|-811522|894051|-321942|kq0Mxhr8RaH3T5II3_7|-891074.176890109|-310282.264710894|-4885.71672559739|-85795|bG45_8
-87120.7995839247|-939148.201943361|rU0b_0|-242865|-534924|-951100|1xVW_4|4SU_5|iQqK3HPHJQqD_6|202441|bG45_8|155451|-616987.62713836|770396|ETWtmuQ0aVjHu3gWW_2|-403354.021083511|-811522|894051|-321942|kq0Mxhr8RaH3T5II3_7|-891074.176890109|-939148.201943361|-87120.7995839247|1613999|bG45_8
-478918.267635252|-492140.278273107|rU0b_0|-242865|-534924|-951100|1xVW_4|4SU_5|iQqK3HPHJQqD_6|202441|bG45_8|155451|-616987.62713836|770396|ETWtmuQ0aVjHu3gWW_2|-403354.021083511|-811522|894051|-321942|kq0Mxhr8RaH3T5II3_7|-891074.176890109|-492140.278273107|-478918.267635252|-936806|bG45_8
-966655.368717693|-938070.377361059|rU0b_0|-242865|-534924|-951100|1xVW_4|4SU_5|iQqK3HPHJQqD_6|202441|bG45_8|155451|-616987.62713836|770396|ETWtmuQ0aVjHu3gWW_2|-403354.021083511|-811522|894051|-321942|kq0Mxhr8RaH3T5II3_7|-891074.176890109|-938070.377361059|-966655.368717693|1984046|bG45_8
10

ERR:
Runtime error near line 5: CHECK constraint failed: c_W20Nya0Uc >= 0 (19)
Runtime error near line 18: CHECK constraint failed: c_W20Nya0Uc >= 0 (19)

