SQL:
CREATE TABLE t_bR7dRtb (c_4tf INTEGER);
CREATE TABLE IF NOT EXISTS t_QOi5lC (c_QEFtSNrT TEXT COLLATE RTRIM);
INSERT OR ABORT INTO t_bR7dRtb (c_4tf) VALUES (-830829), (906263);
INSERT OR ABORT INTO t_bR7dRtb (c_4tf) VALUES (407592), (1618540), (2993460);
INSERT OR IGNORE INTO t_bR7dRtb (c_4tf) VALUES (-257968);
INSERT OR REPLACE INTO t_bR7dRtb (c_4tf) VALUES (300545);
INSERT OR FAIL INTO t_QOi5lC (c_QEFtSNrT) VALUES ('Pkud9LGh_0'), ('M8pEmOtNa6DJ3d6cper_100'), ('UGqsc74Chu8DYpXlCxi_200');
INSERT OR IGNORE INTO t_QOi5lC (c_QEFtSNrT) VALUES ('d4FT3xwCHp_0');
ALTER TABLE t_bR7dRtb ADD COLUMN c_1bbaeE NUMERIC;
SELECT t_bR7dRtb.c_4tf, (+ TRUE > + t_bR7dRtb.c_4tf), * FROM t_QOi5lC LEFT OUTER JOIN t_bR7dRtb ON 1=1 WHERE CASE WHEN LIKELIHOOD(FALSE, 0.3426573212416011) THEN GROUP_CONCAT('j7T30HeuUbv', t_QOi5lC.c_QEFtSNrT, 629926) WHEN MIN('fQWGR2', t_QOi5lC.c_QEFtSNrT) THEN NOT t_QOi5lC.c_QEFtSNrT WHEN NULL THEN CASE NULL WHEN t_bR7dRtb.c_4tf THEN t_QOi5lC.c_QEFtSNrT WHEN t_bR7dRtb.c_4tf THEN NULL ELSE x'F1CC' END END ORDER BY c_4tf ASC;
SELECT t_bR7dRtb.*, * FROM t_QOi5lC, t_bR7dRtb GROUP BY c_QEFtSNrT ORDER BY c_4tf DESC LIMIT 90;
SELECT COUNT(*) FROM t_QOi5lC;

--- v3.26.0 ---
OUT:
-830829||M8pEmOtNa6DJ3d6cper_100|-830829|
-830829||Pkud9LGh_0|-830829|
-830829||UGqsc74Chu8DYpXlCxi_200|-830829|
-830829||d4FT3xwCHp_0|-830829|
4

ERR:
Error: near line 10: wrong number of arguments to function GROUP_CONCAT()


--- v3.39.4 ---
OUT:
-830829||d4FT3xwCHp_0|-830829|
-830829||UGqsc74Chu8DYpXlCxi_200|-830829|
-830829||Pkud9LGh_0|-830829|
-830829||M8pEmOtNa6DJ3d6cper_100|-830829|
4

ERR:
Parse error near line 10: wrong number of arguments to function GROUP_CONCAT()
  E WHEN LIKELIHOOD(FALSE, 0.3426573212416011) THEN GROUP_CONCAT('j7T30HeuUbv', 
                                      error here ---^

