SQL:
CREATE TEMP TABLE IF NOT EXISTS t_nEitIq1 (c_UOS2UUd59e REAL DEFAULT -324416.3396123076, c_y52GZLx7 NUMERIC PRIMARY KEY, c_DjJp6 TEXT, c_f2cdrOTUjD NUMERIC UNIQUE);
WITH cte_zds AS (SELECT 1) INSERT INTO t_nEitIq1 (c_UOS2UUd59e, c_y52GZLx7, c_DjJp6, c_f2cdrOTUjD) VALUES (-975726.1788142839, 377154, '5Qu_2', 943000), (845757.4462142063, 985241, 'GvFhWK4msiO6zhrmdU_102', 570597);
CREATE INDEX IF NOT EXISTS idx_bkTKo ON t_nEitIq1(c_y52GZLx7);
CREATE UNIQUE INDEX IF NOT EXISTS idx_dG8OE ON t_nEitIq1(c_UOS2UUd59e COLLATE BINARY, c_f2cdrOTUjD DESC, c_DjJp6 COLLATE NOCASE ASC);
UPDATE OR IGNORE t_nEitIq1 SET c_DjJp6 = NULL, c_y52GZLx7 = -356284, c_UOS2UUd59e = 246177.0972467442 WHERE c_f2cdrOTUjD IS NOT NULL;
WITH cte_nWF AS (SELECT * FROM t_nEitIq1 LIMIT 10) SELECT * FROM cte_nWF;
SELECT COUNT(*) FROM t_nEitIq1;

--- v3.26.0 ---
OUT:
246177.097246744|-356284||943000
845757.446214206|985241|GvFhWK4msiO6zhrmdU_102|570597
2

ERR:


--- v3.39.4 ---
OUT:
-975726.178814284|377154|5Qu_2|943000
246177.097246744|-356284||570597
2

ERR:

