SQL:
CREATE TABLE t_H7q6 (c_ZiTfEmVZpC NUMERIC DEFAULT 937690, c_1c8MxQ1 NUMERIC CHECK (c_1c8MxQ1 >= 0), c_cprpXCIaA INTEGER DEFAULT -307311, c_TT09iW TEXT, c_SYcagNeoF NUMERIC DEFAULT -658095, c_lqlit5T7ED NUMERIC, c_Dp4lBeHXf REAL, c_kIO NUMERIC);
CREATE TABLE t_O1dYLTTTaU (c_xtS INTEGER, c_xTr REAL);
CREATE TABLE IF NOT EXISTS t_y4dy (c_5cHtY9U INTEGER PRIMARY KEY, c_SK9AcQwRn TEXT NOT NULL, c_GZyK NUMERIC, c_yA0w NUMERIC DEFAULT -670488, c_rQjPNsU NUMERIC, c_CbYTg3 TEXT);
INSERT OR IGNORE INTO t_H7q6 (c_ZiTfEmVZpC, c_1c8MxQ1, c_cprpXCIaA, c_TT09iW, c_SYcagNeoF, c_lqlit5T7ED, c_Dp4lBeHXf, c_kIO) VALUES (165580, 19227, 490467, 'bbnybepOMVO_3', 522794, 139187, 988498.8970561004, -44719), (172379, 940288, 301394, 'JviL1JAqEQ_103', 1869852, 1720799, 723812.5032611995, 778017);
INSERT OR REPLACE INTO t_H7q6 (c_ZiTfEmVZpC, c_1c8MxQ1, c_cprpXCIaA, c_TT09iW, c_SYcagNeoF, c_lqlit5T7ED, c_Dp4lBeHXf, c_kIO) VALUES (530797, 808303, 469148, '5Drh8abHJL_3', 832067, -433622, -556536.9079651374, 535340), (1307434, 1655262, 1454240, 'MemehG_103', 1825914, 1913591, -506817.64233289345, 1658703), (1400593, 1076466, 2015711, 'o0Q2A6yNc7QJfW_203', 2927264, 1478441, -773653.2684945731, 1208444);
INSERT OR IGNORE INTO t_O1dYLTTTaU (c_xtS, c_xTr) VALUES (128043, -69841.56199251371);
INSERT OR REPLACE INTO t_O1dYLTTTaU (c_xtS, c_xTr) VALUES (984971, 166345.74789671833), (328976, -506434.33013363753);
WITH cte_mQ7 AS (SELECT 1) INSERT OR FAIL INTO t_O1dYLTTTaU (c_xtS, c_xTr) VALUES (-46769, -301291.77201976744), (1176307, -844178.2186233359);
INSERT INTO t_O1dYLTTTaU (c_xtS, c_xTr) SELECT -843546, 141683.49164536106;
INSERT OR REPLACE INTO t_O1dYLTTTaU (c_xtS, c_xTr) VALUES (-895401, 453040.55661591515), (1153023, -339835.32772752247), (1300922, 509642.80942568043);
INSERT INTO t_y4dy (c_5cHtY9U, c_SK9AcQwRn, c_GZyK, c_yA0w, c_rQjPNsU, c_CbYTg3) VALUES (845913, 'U4nBBaeUo532wFsy9_1', 327472, -898627, 551588, 'CKWGyXFGnKwc_5');
INSERT OR FAIL INTO t_y4dy (c_5cHtY9U, c_SK9AcQwRn, c_GZyK, c_yA0w, c_rQjPNsU, c_CbYTg3) VALUES (-461021, 'HgymC0io4_1', -940510, 476058, -848762, 'zEyXXfwmbTxz1_5'), (1435806, 'SCPZRGvdaJQr5y_101', 155701, 1272963, 1082256, 'ct5r4TTY9rw0E9_105'), (1372243, 'ROWJhDIi3qL7Wyj9_201', 2518955, 1727883, 2784348, 'WEGmY_205');
SELECT UNICODE(MAX(t_H7q6.c_SYcagNeoF, FALSE)), *, DATETIME(t_H7q6.c_ZiTfEmVZpC) AS alias_mZJ FROM t_H7q6, t_y4dy, t_O1dYLTTTaU WHERE + (t_y4dy.c_GZyK > t_y4dy.c_5cHtY9U) ORDER BY c_xtS ASC, c_xTr DESC LIMIT 35;
PRAGMA threads(1);;
SELECT COUNT(*) FROM t_H7q6;

--- v3.26.0 ---
OUT:
53|165580|19227|490467|bbnybepOMVO_3|522794|139187|988498.8970561|-44719|1372243|ROWJhDIi3qL7Wyj9_201|2518955|1727883|2784348|WEGmY_205|-895401|453040.556615915|-4259-03-29 12:00:00
49|172379|940288|301394|JviL1JAqEQ_103|1869852|1720799|723812.503261199|778017|1372243|ROWJhDIi3qL7Wyj9_201|2518955|1727883|2784348|WEGmY_205|-895401|453040.556615915|-4241-11-09 12:00:00
56|530797|808303|469148|5Drh8abHJL_3|832067|-433622|-556536.907965137|535340|1372243|ROWJhDIi3qL7Wyj9_201|2518955|1727883|2784348|WEGmY_205|-895401|453040.556615915|-3259-03-04 12:00:00
49|1307434|1655262|1454240|MemehG_103|1825914|1913591|-506817.642332893|1658703|1372243|ROWJhDIi3qL7Wyj9_201|2518955|1727883|2784348|WEGmY_205|-895401|453040.556615915|-1133-07-13 12:00:00
50|1400593|1076466|2015711|o0Q2A6yNc7QJfW_203|2927264|1478441|-773653.268494573|1208444|1372243|ROWJhDIi3qL7Wyj9_201|2518955|1727883|2784348|WEGmY_205|-895401|453040.556615915|-878-08-05 12:00:00
53|165580|19227|490467|bbnybepOMVO_3|522794|139187|988498.8970561|-44719|1372243|ROWJhDIi3qL7Wyj9_201|2518955|1727883|2784348|WEGmY_205|-843546|141683.491645361|-4259-03-29 12:00:00
49|172379|940288|301394|JviL1JAqEQ_103|1869852|1720799|723812.503261199|778017|1372243|ROWJhDIi3qL7Wyj9_201|2518955|1727883|2784348|WEGmY_205|-843546|141683.491645361|-4241-11-09 12:00:00
56|530797|808303|469148|5Drh8abHJL_3|832067|-433622|-556536.907965137|535340|1372243|ROWJhDIi3qL7Wyj9_201|2518955|1727883|2784348|WEGmY_205|-843546|141683.491645361|-3259-03-04 12:00:00
49|1307434|1655262|1454240|MemehG_103|1825914|1913591|-506817.642332893|1658703|1372243|ROWJhDIi3qL7Wyj9_201|2518955|1727883|2784348|WEGmY_205|-843546|141683.491645361|-1133-07-13 12:00:00
50|1400593|1076466|2015711|o0Q2A6yNc7QJfW_203|2927264|1478441|-773653.268494573|1208444|1372243|ROWJhDIi3qL7Wyj9_201|2518955|1727883|2784348|WEGmY_205|-843546|141683.491645361|-878-08-05 12:00:00
53|165580|19227|490467|bbnybepOMVO_3|522794|139187|988498.8970561|-44719|1372243|ROWJhDIi3qL7Wyj9_201|2518955|1727883|2784348|WEGmY_205|-46769|-301291.772019767|-4259-03-29 12:00:00
49|172379|940288|301394|JviL1JAqEQ_103|1869852|1720799|723812.503261199|778017|1372243|ROWJhDIi3qL7Wyj9_201|2518955|1727883|2784348|WEGmY_205|-46769|-301291.772019767|-4241-11-09 12:00:00
56|530797|808303|469148|5Drh8abHJL_3|832067|-433622|-556536.907965137|535340|1372243|ROWJhDIi3qL7Wyj9_201|2518955|1727883|2784348|WEGmY_205|-46769|-301291.772019767|-3259-03-04 12:00:00
49|1307434|1655262|1454240|MemehG_103|1825914|1913591|-506817.642332893|1658703|1372243|ROWJhDIi3qL7Wyj9_201|2518955|1727883|2784348|WEGmY_205|-46769|-301291.772019767|-1133-07-13 12:00:00
50|1400593|1076466|2015711|o0Q2A6yNc7QJfW_203|2927264|1478441|-773653.268494573|1208444|1372243|ROWJhDIi3qL7Wyj9_201|2518955|1727883|2784348|WEGmY_205|-46769|-301291.772019767|-878-08-05 12:00:00
53|165580|19227|490467|bbnybepOMVO_3|522794|139187|988498.8970561|-44719|1372243|ROWJhDIi3qL7Wyj9_201|2518955|1727883|2784348|WEGmY_205|128043|-69841.5619925137|-4259-03-29 12:00:00
49|172379|940288|301394|JviL1JAqEQ_103|1869852|1720799|723812.503261199|778017|1372243|ROWJhDIi3qL7Wyj9_201|2518955|1727883|2784348|WEGmY_205|128043|-69841.5619925137|-4241-11-09 12:00:00
56|530797|808303|469148|5Drh8abHJL_3|832067|-433622|-556536.907965137|535340|1372243|ROWJhDIi3qL7Wyj9_201|2518955|1727883|2784348|WEGmY_205|128043|-69841.5619925137|-3259-03-04 12:00:00
49|1307434|1655262|1454240|MemehG_103|1825914|1913591|-506817.642332893|1658703|1372243|ROWJhDIi3qL7Wyj9_201|2518955|1727883|2784348|WEGmY_205|128043|-69841.5619925137|-1133-07-13 12:00:00
50|1400593|1076466|2015711|o0Q2A6yNc7QJfW_203|2927264|1478441|-773653.268494573|1208444|1372243|ROWJhDIi3qL7Wyj9_201|2518955|1727883|2784348|WEGmY_205|128043|-69841.5619925137|-878-08-05 12:00:00
53|165580|19227|490467|bbnybepOMVO_3|522794|139187|988498.8970561|-44719|1372243|ROWJhDIi3qL7Wyj9_201|2518955|1727883|2784348|WEGmY_205|328976|-506434.330133638|-4259-03-29 12:00:00
49|172379|940288|301394|JviL1JAqEQ_103|1869852|1720799|723812.503261199|778017|1372243|ROWJhDIi3qL7Wyj9_201|2518955|1727883|2784348|WEGmY_205|328976|-506434.330133638|-4241-11-09 12:00:00
56|530797|808303|469148|5Drh8abHJL_3|832067|-433622|-556536.907965137|535340|1372243|ROWJhDIi3qL7Wyj9_201|2518955|1727883|2784348|WEGmY_205|328976|-506434.330133638|-3259-03-04 12:00:00
49|1307434|1655262|1454240|MemehG_103|1825914|1913591|-506817.642332893|1658703|1372243|ROWJhDIi3qL7Wyj9_201|2518955|1727883|2784348|WEGmY_205|328976|-506434.330133638|-1133-07-13 12:00:00
50|1400593|1076466|2015711|o0Q2A6yNc7QJfW_203|2927264|1478441|-773653.268494573|1208444|1372243|ROWJhDIi3qL7Wyj9_201|2518955|1727883|2784348|WEGmY_205|328976|-506434.330133638|-878-08-05 12:00:00
53|165580|19227|490467|bbnybepOMVO_3|522794|139187|988498.8970561|-44719|1372243|ROWJhDIi3qL7Wyj9_201|2518955|1727883|2784348|WEGmY_205|984971|166345.747896718|-4259-03-29 12:00:00
49|172379|940288|301394|JviL1JAqEQ_103|1869852|1720799|723812.503261199|778017|1372243|ROWJhDIi3qL7Wyj9_201|2518955|1727883|2784348|WEGmY_205|984971|166345.747896718|-4241-11-09 12:00:00
56|530797|808303|469148|5Drh8abHJL_3|832067|-433622|-556536.907965137|535340|1372243|ROWJhDIi3qL7Wyj9_201|2518955|1727883|2784348|WEGmY_205|984971|166345.747896718|-3259-03-04 12:00:00
49|1307434|1655262|1454240|MemehG_103|1825914|1913591|-506817.642332893|1658703|1372243|ROWJhDIi3qL7Wyj9_201|2518955|1727883|2784348|WEGmY_205|984971|166345.747896718|-1133-07-13 12:00:00
50|1400593|1076466|2015711|o0Q2A6yNc7QJfW_203|2927264|1478441|-773653.268494573|1208444|1372243|ROWJhDIi3qL7Wyj9_201|2518955|1727883|2784348|WEGmY_205|984971|166345.747896718|-878-08-05 12:00:00
53|165580|19227|490467|bbnybepOMVO_3|522794|139187|988498.8970561|-44719|1372243|ROWJhDIi3qL7Wyj9_201|2518955|1727883|2784348|WEGmY_205|1153023|-339835.327727522|-4259-03-29 12:00:00
49|172379|940288|301394|JviL1JAqEQ_103|1869852|1720799|723812.503261199|778017|1372243|ROWJhDIi3qL7Wyj9_201|2518955|1727883|2784348|WEGmY_205|1153023|-339835.327727522|-4241-11-09 12:00:00
56|530797|808303|469148|5Drh8abHJL_3|832067|-433622|-556536.907965137|535340|1372243|ROWJhDIi3qL7Wyj9_201|2518955|1727883|2784348|WEGmY_205|1153023|-339835.327727522|-3259-03-04 12:00:00
49|1307434|1655262|1454240|MemehG_103|1825914|1913591|-506817.642332893|1658703|1372243|ROWJhDIi3qL7Wyj9_201|2518955|1727883|2784348|WEGmY_205|1153023|-339835.327727522|-1133-07-13 12:00:00
50|1400593|1076466|2015711|o0Q2A6yNc7QJfW_203|2927264|1478441|-773653.268494573|1208444|1372243|ROWJhDIi3qL7Wyj9_201|2518955|1727883|2784348|WEGmY_205|1153023|-339835.327727522|-878-08-05 12:00:00
1
5

ERR:


--- v3.39.4 ---
OUT:
53|165580|19227|490467|bbnybepOMVO_3|522794|139187|988498.8970561|-44719|1372243|ROWJhDIi3qL7Wyj9_201|2518955|1727883|2784348|WEGmY_205|-895401|453040.556615915|-4259-03-29 12:00:00
49|172379|940288|301394|JviL1JAqEQ_103|1869852|1720799|723812.503261199|778017|1372243|ROWJhDIi3qL7Wyj9_201|2518955|1727883|2784348|WEGmY_205|-895401|453040.556615915|-4241-11-09 12:00:00
56|530797|808303|469148|5Drh8abHJL_3|832067|-433622|-556536.907965137|535340|1372243|ROWJhDIi3qL7Wyj9_201|2518955|1727883|2784348|WEGmY_205|-895401|453040.556615915|-3259-03-04 12:00:00
49|1307434|1655262|1454240|MemehG_103|1825914|1913591|-506817.642332893|1658703|1372243|ROWJhDIi3qL7Wyj9_201|2518955|1727883|2784348|WEGmY_205|-895401|453040.556615915|-1133-07-13 12:00:00
50|1400593|1076466|2015711|o0Q2A6yNc7QJfW_203|2927264|1478441|-773653.268494573|1208444|1372243|ROWJhDIi3qL7Wyj9_201|2518955|1727883|2784348|WEGmY_205|-895401|453040.556615915|-0878-08-05 12:00:00
53|165580|19227|490467|bbnybepOMVO_3|522794|139187|988498.8970561|-44719|1372243|ROWJhDIi3qL7Wyj9_201|2518955|1727883|2784348|WEGmY_205|-843546|141683.491645361|-4259-03-29 12:00:00
49|172379|940288|301394|JviL1JAqEQ_103|1869852|1720799|723812.503261199|778017|1372243|ROWJhDIi3qL7Wyj9_201|2518955|1727883|2784348|WEGmY_205|-843546|141683.491645361|-4241-11-09 12:00:00
56|530797|808303|469148|5Drh8abHJL_3|832067|-433622|-556536.907965137|535340|1372243|ROWJhDIi3qL7Wyj9_201|2518955|1727883|2784348|WEGmY_205|-843546|141683.491645361|-3259-03-04 12:00:00
49|1307434|1655262|1454240|MemehG_103|1825914|1913591|-506817.642332893|1658703|1372243|ROWJhDIi3qL7Wyj9_201|2518955|1727883|2784348|WEGmY_205|-843546|141683.491645361|-1133-07-13 12:00:00
50|1400593|1076466|2015711|o0Q2A6yNc7QJfW_203|2927264|1478441|-773653.268494573|1208444|1372243|ROWJhDIi3qL7Wyj9_201|2518955|1727883|2784348|WEGmY_205|-843546|141683.491645361|-0878-08-05 12:00:00
53|165580|19227|490467|bbnybepOMVO_3|522794|139187|988498.8970561|-44719|1372243|ROWJhDIi3qL7Wyj9_201|2518955|1727883|2784348|WEGmY_205|-46769|-301291.772019767|-4259-03-29 12:00:00
49|172379|940288|301394|JviL1JAqEQ_103|1869852|1720799|723812.503261199|778017|1372243|ROWJhDIi3qL7Wyj9_201|2518955|1727883|2784348|WEGmY_205|-46769|-301291.772019767|-4241-11-09 12:00:00
56|530797|808303|469148|5Drh8abHJL_3|832067|-433622|-556536.907965137|535340|1372243|ROWJhDIi3qL7Wyj9_201|2518955|1727883|2784348|WEGmY_205|-46769|-301291.772019767|-3259-03-04 12:00:00
49|1307434|1655262|1454240|MemehG_103|1825914|1913591|-506817.642332893|1658703|1372243|ROWJhDIi3qL7Wyj9_201|2518955|1727883|2784348|WEGmY_205|-46769|-301291.772019767|-1133-07-13 12:00:00
50|1400593|1076466|2015711|o0Q2A6yNc7QJfW_203|2927264|1478441|-773653.268494573|1208444|1372243|ROWJhDIi3qL7Wyj9_201|2518955|1727883|2784348|WEGmY_205|-46769|-301291.772019767|-0878-08-05 12:00:00
53|165580|19227|490467|bbnybepOMVO_3|522794|139187|988498.8970561|-44719|1372243|ROWJhDIi3qL7Wyj9_201|2518955|1727883|2784348|WEGmY_205|128043|-69841.5619925137|-4259-03-29 12:00:00
49|172379|940288|301394|JviL1JAqEQ_103|1869852|1720799|723812.503261199|778017|1372243|ROWJhDIi3qL7Wyj9_201|2518955|1727883|2784348|WEGmY_205|128043|-69841.5619925137|-4241-11-09 12:00:00
56|530797|808303|469148|5Drh8abHJL_3|832067|-433622|-556536.907965137|535340|1372243|ROWJhDIi3qL7Wyj9_201|2518955|1727883|2784348|WEGmY_205|128043|-69841.5619925137|-3259-03-04 12:00:00
49|1307434|1655262|1454240|MemehG_103|1825914|1913591|-506817.642332893|1658703|1372243|ROWJhDIi3qL7Wyj9_201|2518955|1727883|2784348|WEGmY_205|128043|-69841.5619925137|-1133-07-13 12:00:00
50|1400593|1076466|2015711|o0Q2A6yNc7QJfW_203|2927264|1478441|-773653.268494573|1208444|1372243|ROWJhDIi3qL7Wyj9_201|2518955|1727883|2784348|WEGmY_205|128043|-69841.5619925137|-0878-08-05 12:00:00
53|165580|19227|490467|bbnybepOMVO_3|522794|139187|988498.8970561|-44719|1372243|ROWJhDIi3qL7Wyj9_201|2518955|1727883|2784348|WEGmY_205|328976|-506434.330133638|-4259-03-29 12:00:00
49|172379|940288|301394|JviL1JAqEQ_103|1869852|1720799|723812.503261199|778017|1372243|ROWJhDIi3qL7Wyj9_201|2518955|1727883|2784348|WEGmY_205|328976|-506434.330133638|-4241-11-09 12:00:00
56|530797|808303|469148|5Drh8abHJL_3|832067|-433622|-556536.907965137|535340|1372243|ROWJhDIi3qL7Wyj9_201|2518955|1727883|2784348|WEGmY_205|328976|-506434.330133638|-3259-03-04 12:00:00
49|1307434|1655262|1454240|MemehG_103|1825914|1913591|-506817.642332893|1658703|1372243|ROWJhDIi3qL7Wyj9_201|2518955|1727883|2784348|WEGmY_205|328976|-506434.330133638|-1133-07-13 12:00:00
50|1400593|1076466|2015711|o0Q2A6yNc7QJfW_203|2927264|1478441|-773653.268494573|1208444|1372243|ROWJhDIi3qL7Wyj9_201|2518955|1727883|2784348|WEGmY_205|328976|-506434.330133638|-0878-08-05 12:00:00
53|165580|19227|490467|bbnybepOMVO_3|522794|139187|988498.8970561|-44719|1372243|ROWJhDIi3qL7Wyj9_201|2518955|1727883|2784348|WEGmY_205|984971|166345.747896718|-4259-03-29 12:00:00
49|172379|940288|301394|JviL1JAqEQ_103|1869852|1720799|723812.503261199|778017|1372243|ROWJhDIi3qL7Wyj9_201|2518955|1727883|2784348|WEGmY_205|984971|166345.747896718|-4241-11-09 12:00:00
56|530797|808303|469148|5Drh8abHJL_3|832067|-433622|-556536.907965137|535340|1372243|ROWJhDIi3qL7Wyj9_201|2518955|1727883|2784348|WEGmY_205|984971|166345.747896718|-3259-03-04 12:00:00
49|1307434|1655262|1454240|MemehG_103|1825914|1913591|-506817.642332893|1658703|1372243|ROWJhDIi3qL7Wyj9_201|2518955|1727883|2784348|WEGmY_205|984971|166345.747896718|-1133-07-13 12:00:00
50|1400593|1076466|2015711|o0Q2A6yNc7QJfW_203|2927264|1478441|-773653.268494573|1208444|1372243|ROWJhDIi3qL7Wyj9_201|2518955|1727883|2784348|WEGmY_205|984971|166345.747896718|-0878-08-05 12:00:00
53|165580|19227|490467|bbnybepOMVO_3|522794|139187|988498.8970561|-44719|1372243|ROWJhDIi3qL7Wyj9_201|2518955|1727883|2784348|WEGmY_205|1153023|-339835.327727522|-4259-03-29 12:00:00
49|172379|940288|301394|JviL1JAqEQ_103|1869852|1720799|723812.503261199|778017|1372243|ROWJhDIi3qL7Wyj9_201|2518955|1727883|2784348|WEGmY_205|1153023|-339835.327727522|-4241-11-09 12:00:00
56|530797|808303|469148|5Drh8abHJL_3|832067|-433622|-556536.907965137|535340|1372243|ROWJhDIi3qL7Wyj9_201|2518955|1727883|2784348|WEGmY_205|1153023|-339835.327727522|-3259-03-04 12:00:00
49|1307434|1655262|1454240|MemehG_103|1825914|1913591|-506817.642332893|1658703|1372243|ROWJhDIi3qL7Wyj9_201|2518955|1727883|2784348|WEGmY_205|1153023|-339835.327727522|-1133-07-13 12:00:00
50|1400593|1076466|2015711|o0Q2A6yNc7QJfW_203|2927264|1478441|-773653.268494573|1208444|1372243|ROWJhDIi3qL7Wyj9_201|2518955|1727883|2784348|WEGmY_205|1153023|-339835.327727522|-0878-08-05 12:00:00
1
5

ERR:

