SQL:
CREATE TABLE IF NOT EXISTS t_N96 (c_HoR4r6 REAL PRIMARY KEY NOT NULL DEFAULT NULL CHECK (c_HoR4r6 >= 0), c_Q8Vrr TEXT NOT NULL, c_8Y8Sjb NUMERIC, c_Ri8lD7pMcg NUMERIC NOT NULL, c_2mQB9Yl INTEGER NOT NULL DEFAULT -820692, UNIQUE (c_Ri8lD7pMcg, c_Q8Vrr, c_2mQB9Yl), FOREIGN KEY (c_8Y8Sjb) REFERENCES t_RyWsl(c_lmSDH));
WITH cte_XbI AS (SELECT 1) INSERT INTO t_N96 (c_HoR4r6, c_Q8Vrr, c_8Y8Sjb, c_Ri8lD7pMcg, c_2mQB9Yl) VALUES (-466898.29620122607, 'Fs7PSrMA1UQpml6Na_1', -814709, -475302, 431007), (237533.21262942743, 'E_101', 628936, 1457821, 286035), (-923880.5617317348, 'k_201', 1287913, 1130025, 1717320);
INSERT OR IGNORE INTO t_N96 (c_HoR4r6, c_Q8Vrr, c_8Y8Sjb, c_Ri8lD7pMcg, c_2mQB9Yl) SELECT 787995.0769935055, NULL, -898750, -183287, -332621;
INSERT OR REPLACE INTO t_N96 (c_HoR4r6, c_Q8Vrr, c_8Y8Sjb, c_Ri8lD7pMcg, c_2mQB9Yl) VALUES (-56666.38360952935, 'a5C8B_1', -36124, 545035, -299507);
REPLACE INTO t_N96 (c_HoR4r6, c_Q8Vrr, c_8Y8Sjb, c_Ri8lD7pMcg, c_2mQB9Yl) SELECT NULL, 'RLZY', -965036, 923225, 757290;
UPDATE OR FAIL t_N96 SET c_HoR4r6 = 453828.7527922492, c_Ri8lD7pMcg = 534838, c_2mQB9Yl = -339 WHERE c_Ri8lD7pMcg = -898076;
CREATE INDEX IF NOT EXISTS idx_E69uH ON t_N96(c_2mQB9Yl, c_8Y8Sjb) WHERE c_Ri8lD7pMcg < x'F4';
SELECT DISTINCT * FROM t_N96 WHERE c_Ri8lD7pMcg IN (SELECT NULL FROM t_N96 LIMIT 5) INTERSECT SELECT TRUE FROM t_N96;
SELECT t_N96.c_Q8Vrr IN (SELECT t_N96.* FROM t_N96 LIMIT 5) FROM t_N96 WHERE t_N96.c_8Y8Sjb LIMIT 69;
BEGIN TRANSACTION;
WITH cte_wQo AS (SELECT 1) UPDATE t_N96 SET c_8Y8Sjb = -561085, c_2mQB9Yl = -43974;
COMMIT;
SELECT COUNT(*) FROM t_N96;

--- v3.26.0 ---
OUT:
1

ERR:
Error: near line 2: CHECK constraint failed: t_N96
Error: near line 4: CHECK constraint failed: t_N96
Error: near line 8: SELECTs to the left and right of INTERSECT do not have the same number of result columns
Error: near line 9: sub-select returns 5 columns - expected 1


--- v3.39.4 ---
OUT:
0

ERR:
Runtime error near line 2: CHECK constraint failed: c_HoR4r6 >= 0 (19)
Runtime error near line 4: CHECK constraint failed: c_HoR4r6 >= 0 (19)
Runtime error near line 5: NOT NULL constraint failed: t_N96.c_HoR4r6 (19)
Parse error near line 8: SELECTs to the left and right of INTERSECT do not have the same number of result columns
Parse error near line 9: sub-select returns 5 columns - expected 1

