SQL:
CREATE TABLE IF NOT EXISTS t_IgRZ (c_y2oFmvS REAL DEFAULT -612484.3079694542, c_PRcbbR INTEGER NOT NULL CHECK (c_PRcbbR >= 0), c_tYASk44 REAL, c_0yeF3a REAL PRIMARY KEY DEFAULT 47276.29325953964, c_hK75Si REAL) WITHOUT ROWID;
CREATE TABLE t_qxJjuK (c_yr3xPGb4F NUMERIC, FOREIGN KEY (c_yr3xPGb4F) REFERENCES t_IMw59(c_dFdXC));
INSERT OR ABORT INTO t_IgRZ (c_y2oFmvS, c_PRcbbR, c_tYASk44, c_0yeF3a, c_hK75Si) VALUES (-210503.0186999524, 717425, 682057.1873074563, 959594.839393876, 782692.4370209065), (-643278.587118624, 1468390, -808029.5319506526, 684572.7404786905, -651961.3761276203);
INSERT INTO t_IgRZ (c_y2oFmvS, c_PRcbbR, c_tYASk44, c_0yeF3a, c_hK75Si) VALUES (27893.017062892322, -606106, 191799.56353297364, -357105.98984936555, 13670.966691009002), (445434.9515430264, 1677846, -590720.2941662528, -862845.6869207046, 281704.7045729903), (724240.2909297852, 1880258, -49992.58889626374, 303386.77431692136, -833354.4800689814);
INSERT OR REPLACE INTO t_qxJjuK (c_yr3xPGb4F) VALUES (-848423), (1715667);
INSERT OR REPLACE INTO t_qxJjuK (c_yr3xPGb4F) VALUES (188628);
INSERT OR FAIL INTO t_qxJjuK (c_yr3xPGb4F) SELECT -858761;
PRAGMA query_only(0);;
SELECT c_hK75Si, *, t_IgRZ.c_0yeF3a, JULIANDAY(+ t_IgRZ.c_y2oFmvS, NOT t_IgRZ.c_tYASk44) FROM t_IgRZ, t_qxJjuK WHERE c_yr3xPGb4F GROUP BY c_yr3xPGb4F ORDER BY c_PRcbbR DESC;
WITH cte_ybM AS (SELECT * FROM t_IgRZ LIMIT 10) SELECT * FROM cte_ybM;
SELECT DISTINCT - x'AFD2' AS alias_kwG, EXISTS (SELECT 1 FROM t_qxJjuK LIMIT 1), t_IgRZ.* FROM t_IgRZ CROSS JOIN t_qxJjuK WHERE c_yr3xPGb4F GROUP BY c_yr3xPGb4F HAVING LENGTH(UNLIKELY(t_qxJjuK.c_yr3xPGb4F));
SELECT COUNT(*) FROM t_qxJjuK;

--- v3.26.0 ---
OUT:
-651961.37612762|-643278.587118624|1468390|-808029.531950653|684572.74047869|-651961.37612762|-858761|684572.74047869|
-651961.37612762|-643278.587118624|1468390|-808029.531950653|684572.74047869|-651961.37612762|-848423|684572.74047869|
-651961.37612762|-643278.587118624|1468390|-808029.531950653|684572.74047869|-651961.37612762|188628|684572.74047869|
-651961.37612762|-643278.587118624|1468390|-808029.531950653|684572.74047869|-651961.37612762|1715667|684572.74047869|
-643278.587118624|1468390|-808029.531950653|684572.74047869|-651961.37612762
-210503.018699952|717425|682057.187307456|959594.839393876|782692.437020906
0|1|-643278.587118624|1468390|-808029.531950653|684572.74047869|-651961.37612762
4

ERR:
Error: near line 4: CHECK constraint failed: t_IgRZ


--- v3.39.4 ---
OUT:
-651961.37612762|-643278.587118624|1468390|-808029.531950653|684572.74047869|-651961.37612762|1715667|684572.74047869|
-651961.37612762|-643278.587118624|1468390|-808029.531950653|684572.74047869|-651961.37612762|188628|684572.74047869|
-651961.37612762|-643278.587118624|1468390|-808029.531950653|684572.74047869|-651961.37612762|-848423|684572.74047869|
-651961.37612762|-643278.587118624|1468390|-808029.531950653|684572.74047869|-651961.37612762|-858761|684572.74047869|
-643278.587118624|1468390|-808029.531950653|684572.74047869|-651961.37612762
-210503.018699952|717425|682057.187307456|959594.839393876|782692.437020906
0|1|-643278.587118624|1468390|-808029.531950653|684572.74047869|-651961.37612762
4

ERR:
Runtime error near line 4: CHECK constraint failed: c_PRcbbR >= 0 (19)

