SQL:
CREATE TABLE t_tKQ7 (c_CEIoS3Q NUMERIC, c_4oE INTEGER, FOREIGN KEY (c_4oE) REFERENCES t_5AHK1(c_WWgOW));
CREATE TEMP TABLE IF NOT EXISTS t_j1q (c_jYI1A8 REAL DEFAULT -871260.7863438869, c_Ox1IR7i INTEGER, c_dr4MJkN7l REAL NOT NULL, c_xrxVln TEXT, c_vc90QrhB TEXT);
REPLACE INTO t_tKQ7 (c_CEIoS3Q, c_4oE) VALUES (-934427, 144571), (1895618, 1897539), (1724623, 1293909);
INSERT OR REPLACE INTO t_j1q (c_jYI1A8, c_Ox1IR7i, c_dr4MJkN7l, c_xrxVln, c_vc90QrhB) VALUES (966279.2798110694, 555860, -509664.9504629033, '9C_3', 'ljAWWqYZoP7x_4'), (984688.5989678795, 1509892, -827598.7073643279, 'V_103', 'fYBhlMvn8EI3_104'), (-41123.95393955358, 1333036, 142863.78748730803, 'mMlkMf7wrTx56_203', 'Lyyt2c1snI_204');
INSERT OR REPLACE INTO t_j1q (c_jYI1A8, c_Ox1IR7i, c_dr4MJkN7l, c_xrxVln, c_vc90QrhB) VALUES (-45823.89729848411, 156845, -489122.74680090306, 'lkOHMH6wpD2vrhHi_3', 'sXGJ9dBI4hM247L_4'), (-231812.48055078834, 1166835, -932550.2823182126, 'Apuvpga_103', '5_104'), (-926793.9026769763, 1604623, -162951.9587839198, 'z_203', 'vpkHkfeyK_204');
INSERT OR IGNORE INTO t_j1q (c_jYI1A8, c_Ox1IR7i, c_dr4MJkN7l, c_xrxVln, c_vc90QrhB) VALUES (600118.2279038851, -402755, -903343.2423683986, 'oIJhswHMEbhfUIHkW_3', 'WY_4'), (638216.5118487009, 966188, -574710.0738246657, 'oFDysHSpbRqCaeVv_103', 'EoWS6UseTn7qZaq_104');
WITH cte_94q AS (SELECT 1) INSERT INTO t_j1q (c_jYI1A8, c_Ox1IR7i, c_dr4MJkN7l, c_xrxVln, c_vc90QrhB) VALUES (570208.314120275, 365087, -486633.4504662678, 'DTx65AGhvdBiam6_3', 'mO2fkWc6o4JgJ9z_4'), (407481.87110704137, 254000, -765071.3245861551, 'dkCry5hDhAMUhJr9i_103', 'EdSmh_104'), (-148213.97788647946, 1467411, 576512.7334961833, 'aUJZUOYyJvzjwR3lvu_203', 'Z7QRsgf_204');
INSERT OR IGNORE INTO t_j1q (c_jYI1A8, c_Ox1IR7i, c_dr4MJkN7l, c_xrxVln, c_vc90QrhB) VALUES (-695676.7280538215, -200051, -832328.7951791633, 'wPkum_3', 'vq7upW_4'), (-865220.409127267, 310718, -725433.5051373458, 'kj4mCXaXMs_103', 's5WcS4h_104');
BEGIN TRANSACTION;
INSERT OR IGNORE INTO t_j1q (c_jYI1A8, c_Ox1IR7i, c_dr4MJkN7l, c_xrxVln, c_vc90QrhB) VALUES (373723.7980185782, -271674, -495844.6543045506, 'r1868MkZJ_3', 'CeLwU_4'), (100331.23625139403, 473673, 976952.3187687187, 'w8xZUcqA5bXtCUKN_103', '83wIBcD5pgIVBAPNINp_104');
UPDATE OR ABORT t_tKQ7 SET c_4oE = -764420 WHERE c_CEIoS3Q = 703170;
COMMIT;
WITH cte_Yhr AS (SELECT * FROM t_tKQ7 LIMIT 10) SELECT * FROM cte_Yhr;
WITH cte_nqc AS (SELECT * FROM t_j1q LIMIT 10) SELECT *, *, LIKELY((TRUE / t_j1q.c_vc90QrhB)) FROM t_j1q LEFT OUTER JOIN t_tKQ7 ON t_j1q.c_xrxVln = t_tKQ7.c_4oE ORDER BY c_CEIoS3Q, c_4oE ASC;
CREATE INDEX idx_WUDP5 ON t_tKQ7(c_CEIoS3Q, c_4oE);
ALTER TABLE t_tKQ7 ADD COLUMN c_Pul4bSvr71 NUMERIC;
SELECT COUNT(*) FROM t_tKQ7;

--- v3.26.0 ---
OUT:
-934427|144571
1895618|1897539
1724623|1293909
966279.279811069|555860|-509664.950462903|9C_3|ljAWWqYZoP7x_4|||966279.279811069|555860|-509664.950462903|9C_3|ljAWWqYZoP7x_4|||
984688.59896788|1509892|-827598.707364328|V_103|fYBhlMvn8EI3_104|||984688.59896788|1509892|-827598.707364328|V_103|fYBhlMvn8EI3_104|||
-41123.9539395536|1333036|142863.787487308|mMlkMf7wrTx56_203|Lyyt2c1snI_204|||-41123.9539395536|1333036|142863.787487308|mMlkMf7wrTx56_203|Lyyt2c1snI_204|||
-45823.8972984841|156845|-489122.746800903|lkOHMH6wpD2vrhHi_3|sXGJ9dBI4hM247L_4|||-45823.8972984841|156845|-489122.746800903|lkOHMH6wpD2vrhHi_3|sXGJ9dBI4hM247L_4|||
-231812.480550788|1166835|-932550.282318213|Apuvpga_103|5_104|||-231812.480550788|1166835|-932550.282318213|Apuvpga_103|5_104|||0.2
-926793.902676976|1604623|-162951.95878392|z_203|vpkHkfeyK_204|||-926793.902676976|1604623|-162951.95878392|z_203|vpkHkfeyK_204|||
600118.227903885|-402755|-903343.242368399|oIJhswHMEbhfUIHkW_3|WY_4|||600118.227903885|-402755|-903343.242368399|oIJhswHMEbhfUIHkW_3|WY_4|||
638216.511848701|966188|-574710.073824666|oFDysHSpbRqCaeVv_103|EoWS6UseTn7qZaq_104|||638216.511848701|966188|-574710.073824666|oFDysHSpbRqCaeVv_103|EoWS6UseTn7qZaq_104|||
570208.314120275|365087|-486633.450466268|DTx65AGhvdBiam6_3|mO2fkWc6o4JgJ9z_4|||570208.314120275|365087|-486633.450466268|DTx65AGhvdBiam6_3|mO2fkWc6o4JgJ9z_4|||
407481.871107041|254000|-765071.324586155|dkCry5hDhAMUhJr9i_103|EdSmh_104|||407481.871107041|254000|-765071.324586155|dkCry5hDhAMUhJr9i_103|EdSmh_104|||
-148213.977886479|1467411|576512.733496183|aUJZUOYyJvzjwR3lvu_203|Z7QRsgf_204|||-148213.977886479|1467411|576512.733496183|aUJZUOYyJvzjwR3lvu_203|Z7QRsgf_204|||
-695676.728053821|-200051|-832328.795179163|wPkum_3|vq7upW_4|||-695676.728053821|-200051|-832328.795179163|wPkum_3|vq7upW_4|||
-865220.409127267|310718|-725433.505137346|kj4mCXaXMs_103|s5WcS4h_104|||-865220.409127267|310718|-725433.505137346|kj4mCXaXMs_103|s5WcS4h_104|||
373723.798018578|-271674|-495844.654304551|r1868MkZJ_3|CeLwU_4|||373723.798018578|-271674|-495844.654304551|r1868MkZJ_3|CeLwU_4|||
100331.236251394|473673|976952.318768719|w8xZUcqA5bXtCUKN_103|83wIBcD5pgIVBAPNINp_104|||100331.236251394|473673|976952.318768719|w8xZUcqA5bXtCUKN_103|83wIBcD5pgIVBAPNINp_104|||0.0120481927710843
3

ERR:


--- v3.39.4 ---
OUT:
-934427|144571
1895618|1897539
1724623|1293909
966279.279811069|555860|-509664.950462903|9C_3|ljAWWqYZoP7x_4|||966279.279811069|555860|-509664.950462903|9C_3|ljAWWqYZoP7x_4|||
984688.59896788|1509892|-827598.707364328|V_103|fYBhlMvn8EI3_104|||984688.59896788|1509892|-827598.707364328|V_103|fYBhlMvn8EI3_104|||
-41123.9539395536|1333036|142863.787487308|mMlkMf7wrTx56_203|Lyyt2c1snI_204|||-41123.9539395536|1333036|142863.787487308|mMlkMf7wrTx56_203|Lyyt2c1snI_204|||
-45823.8972984841|156845|-489122.746800903|lkOHMH6wpD2vrhHi_3|sXGJ9dBI4hM247L_4|||-45823.8972984841|156845|-489122.746800903|lkOHMH6wpD2vrhHi_3|sXGJ9dBI4hM247L_4|||
-231812.480550788|1166835|-932550.282318213|Apuvpga_103|5_104|||-231812.480550788|1166835|-932550.282318213|Apuvpga_103|5_104|||0
-926793.902676976|1604623|-162951.95878392|z_203|vpkHkfeyK_204|||-926793.902676976|1604623|-162951.95878392|z_203|vpkHkfeyK_204|||
600118.227903885|-402755|-903343.242368399|oIJhswHMEbhfUIHkW_3|WY_4|||600118.227903885|-402755|-903343.242368399|oIJhswHMEbhfUIHkW_3|WY_4|||
638216.511848701|966188|-574710.073824666|oFDysHSpbRqCaeVv_103|EoWS6UseTn7qZaq_104|||638216.511848701|966188|-574710.073824666|oFDysHSpbRqCaeVv_103|EoWS6UseTn7qZaq_104|||
570208.314120275|365087|-486633.450466268|DTx65AGhvdBiam6_3|mO2fkWc6o4JgJ9z_4|||570208.314120275|365087|-486633.450466268|DTx65AGhvdBiam6_3|mO2fkWc6o4JgJ9z_4|||
407481.871107041|254000|-765071.324586155|dkCry5hDhAMUhJr9i_103|EdSmh_104|||407481.871107041|254000|-765071.324586155|dkCry5hDhAMUhJr9i_103|EdSmh_104|||
-148213.977886479|1467411|576512.733496183|aUJZUOYyJvzjwR3lvu_203|Z7QRsgf_204|||-148213.977886479|1467411|576512.733496183|aUJZUOYyJvzjwR3lvu_203|Z7QRsgf_204|||
-695676.728053821|-200051|-832328.795179163|wPkum_3|vq7upW_4|||-695676.728053821|-200051|-832328.795179163|wPkum_3|vq7upW_4|||
-865220.409127267|310718|-725433.505137346|kj4mCXaXMs_103|s5WcS4h_104|||-865220.409127267|310718|-725433.505137346|kj4mCXaXMs_103|s5WcS4h_104|||
373723.798018578|-271674|-495844.654304551|r1868MkZJ_3|CeLwU_4|||373723.798018578|-271674|-495844.654304551|r1868MkZJ_3|CeLwU_4|||
100331.236251394|473673|976952.318768719|w8xZUcqA5bXtCUKN_103|83wIBcD5pgIVBAPNINp_104|||100331.236251394|473673|976952.318768719|w8xZUcqA5bXtCUKN_103|83wIBcD5pgIVBAPNINp_104|||0
3

ERR:

