❗ Difference found!
SQL:
CREATE TABLE IF NOT EXISTS t_KzEs5iSGpX (c_nLll TEXT, c_YhY03a NUMERIC);
INSERT OR IGNORE INTO t_KzEs5iSGpX (c_nLll, c_YhY03a) VALUES ('daotz_0', -492640);
INSERT OR IGNORE INTO t_KzEs5iSGpX (c_nLll, c_YhY03a) VALUES ('cx_0', -151963);
INSERT OR IGNORE INTO t_KzEs5iSGpX (c_nLll, c_YhY03a) VALUES ('b3SpjVTx_0', -95131), ('l3Gc99lwbKW5e_100', 41368);
INSERT OR IGNORE INTO t_KzEs5iSGpX (c_nLll, c_YhY03a) VALUES ('ganx4Bki25VQT8B_0', 808307), ('hW_100', 632731), ('Gp_200', 1723009);
CREATE INDEX IF NOT EXISTS idx_FuwHw ON t_KzEs5iSGpX(c_nLll);
CREATE INDEX IF NOT EXISTS idx_7hCgL ON t_KzEs5iSGpX(c_nLll, c_YhY03a);
SELECT c_nLll AS alias_1xh, sum(c_YhY03a) FROM t_KzEs5iSGpX WHERE c_nLll IS NOT NULL ORDER BY c_nLll ;
DELETE FROM t_KzEs5iSGpX WHERE c_nLll = 'oauzXAzOdVo5e';
ALTER TABLE t_KzEs5iSGpX ADD COLUMN c_WLg INTEGER;
SELECT COUNT(*) FROM t_KzEs5iSGpX ORDER BY 1;
--- v3.26.0 ---
OUT: daotz_0|2465681
7

ERR: 
--- v3.39.4 ---
OUT: Gp_200|2465681
7

ERR: 



REDUCED: 

CREATE TABLE IF NOT EXISTS t_KzEs5iSGpX (c_nLll TEXT, c_YhY03a NUMERIC);
INSERT OR IGNORE INTO t_KzEs5iSGpX (c_nLll, c_YhY03a) VALUES ('daotz_0', -492640);
INSERT OR IGNORE INTO t_KzEs5iSGpX (c_nLll, c_YhY03a) VALUES ('ganx4Bki25VQT8B_0', 808307), ('hW_100', 632731), ('Gp_200', 1723009);
CREATE INDEX IF NOT EXISTS idx_7hCgL ON t_KzEs5iSGpX(c_nLll, c_YhY03a);
SELECT c_nLll AS alias_1xh, sum(c_YhY03a) 
FROM t_KzEs5iSGpX WHERE c_nLll IS NOT NULL ORDER BY c_nLll;