SQL:
CREATE TABLE IF NOT EXISTS t_seYUQ (c_U7xqifVdCX NUMERIC, c_oQus TEXT, c_ruAcZJsaI REAL DEFAULT 699052.4690744772, c_auwrJ REAL PRIMARY KEY DEFAULT NULL, c_uOvUc REAL, c_wkg3Qlvq TEXT, c_3fbZUiTcrG INTEGER) WITHOUT ROWID;
INSERT OR FAIL INTO t_seYUQ (c_U7xqifVdCX, c_oQus, c_ruAcZJsaI, c_auwrJ, c_uOvUc, c_wkg3Qlvq, c_3fbZUiTcrG) VALUES (125070, 'qxACKJxDVjl1WlY_1', 719207.9907490059, 314333.02235902636, -357669.32020876824, 'ftn_5', -63880);
INSERT INTO t_seYUQ (c_U7xqifVdCX, c_oQus, c_ruAcZJsaI, c_auwrJ, c_uOvUc, c_wkg3Qlvq, c_3fbZUiTcrG) VALUES (-296406, 'Q69nElMz9r7g_1', 918923.3347598766, -814169.18859875, -431480.382010306, 'iWiWQBFYLPCebq7_5', -144644);
REPLACE INTO t_seYUQ (c_U7xqifVdCX, c_oQus, c_ruAcZJsaI, c_auwrJ, c_uOvUc, c_wkg3Qlvq, c_3fbZUiTcrG) SELECT -700140, 'Z3V3Wa6707OY', -973537.0306056652, NULL, -614340.0983581926, '6iWUDf29O7cPx3K', 686962;
SELECT c_3fbZUiTcrG, EXISTS (SELECT 1 FROM t_seYUQ LIMIT 1) AS alias_18h, * FROM t_seYUQ WHERE t_seYUQ.c_ruAcZJsaI;
PRAGMA max_page_count;;
SELECT COUNT(*) FROM t_seYUQ;

--- v3.26.0 ---
OUT:
686962|1|-700140|Z3V3Wa6707OY|-973537.030605665||-614340.098358193|6iWUDf29O7cPx3K|686962
-144644|1|-296406|Q69nElMz9r7g_1|918923.334759877|-814169.18859875|-431480.382010306|iWiWQBFYLPCebq7_5|-144644
-63880|1|125070|qxACKJxDVjl1WlY_1|719207.990749006|314333.022359026|-357669.320208768|ftn_5|-63880
1073741823
3

ERR:


--- v3.39.4 ---
OUT:
-144644|1|-296406|Q69nElMz9r7g_1|918923.334759877|-814169.18859875|-431480.382010306|iWiWQBFYLPCebq7_5|-144644
-63880|1|125070|qxACKJxDVjl1WlY_1|719207.990749006|314333.022359026|-357669.320208768|ftn_5|-63880
1073741823
2

ERR:
Runtime error near line 4: NOT NULL constraint failed: t_seYUQ.c_auwrJ (19)

