SQL:
CREATE TABLE IF NOT EXISTS t_qELnF4m (c_asx6GelDt REAL DEFAULT -311142.6034590517 CHECK (c_asx6GelDt >= 0), c_nFIEd9vF2J TEXT);
CREATE TABLE t_Uaa7 (c_yjBNCad TEXT UNIQUE DEFAULT 'AuvEBGWsQleAAbGeu', c_XZDcN3 NUMERIC, c_q8cjmyJWND REAL NOT NULL, c_op6j NUMERIC CHECK (c_op6j >= 0), c_pNN6 INTEGER UNIQUE);
INSERT OR REPLACE INTO t_qELnF4m (c_asx6GelDt, c_nFIEd9vF2J) VALUES (69866.62389164534, 'wnKMJZf7_1'), (443498.6840422726, 'CsuIW88_101'), (872803.4018321848, '01BYe_201');
REPLACE INTO t_qELnF4m (c_asx6GelDt, c_nFIEd9vF2J) VALUES (879083.6590428932, 'HXePohaOmeOrq3ne7FLc_1'), (763099.6176055586, 'ORQdxuCezdl_101');
WITH cte_qot AS (SELECT 1) INSERT OR ABORT INTO t_qELnF4m (c_asx6GelDt, c_nFIEd9vF2J) VALUES (-118117.57089617103, 'ys_1');
INSERT OR IGNORE INTO t_qELnF4m (c_asx6GelDt, c_nFIEd9vF2J) SELECT -436571.01971716597, 'y7u';
REPLACE INTO t_qELnF4m (c_asx6GelDt, c_nFIEd9vF2J) SELECT -237617.39190106362, 'I6uhiBz1Fez';
INSERT OR IGNORE INTO t_Uaa7 (c_yjBNCad, c_XZDcN3, c_q8cjmyJWND, c_op6j, c_pNN6) SELECT NULL, 571326, -303918.4542069668, 688356, 205324;
REPLACE INTO t_Uaa7 (c_yjBNCad, c_XZDcN3, c_q8cjmyJWND, c_op6j, c_pNN6) VALUES ('JNg4sPtjuSD_0', -73724, 127335.77915564878, 221366, 776923), ('74WE_100', 1768309, 82677.03398057027, 617361, 939282);
SELECT DISTINCT TRUE AS alias_rFo, *, * FROM t_qELnF4m NATURAL JOIN t_Uaa7 GROUP BY c_nFIEd9vF2J, c_asx6GelDt ORDER BY c_q8cjmyJWND DESC, c_XZDcN3 DESC;
DELETE FROM t_Uaa7 WHERE c_q8cjmyJWND = 936300.6141947464;
BEGIN TRANSACTION;
INSERT OR IGNORE INTO t_qELnF4m (c_asx6GelDt, c_nFIEd9vF2J) SELECT NULL, 'hQ';
INSERT INTO t_Uaa7 (c_yjBNCad, c_XZDcN3, c_q8cjmyJWND, c_op6j, c_pNN6) VALUES ('jiPiDb1MHCpgAvJhqkce_0', 933863, 605333.788130024, 906207, 596421), ('cJ6B0SA3_100', 791445, 203461.56842523185, 1914327, 1798335), ('25IyUOpx3F67JVEqoqpz_200', 2967529, -157359.18971937615, 2292345, 2010453);
UPDATE OR ABORT t_qELnF4m SET c_asx6GelDt = -581474.049528391, c_nFIEd9vF2J = 'M';
COMMIT;
CREATE INDEX IF NOT EXISTS idx_fdJrA ON t_qELnF4m(c_asx6GelDt, c_nFIEd9vF2J COLLATE NOCASE DESC);
SELECT COUNT(*) FROM t_qELnF4m;

--- v3.26.0 ---
OUT:
1|872803.401832185|01BYe_201||571326|-303918.454206967|688356|205324|872803.401832185|01BYe_201||571326|-303918.454206967|688356|205324
1|443498.684042273|CsuIW88_101||571326|-303918.454206967|688356|205324|443498.684042273|CsuIW88_101||571326|-303918.454206967|688356|205324
1|879083.659042893|HXePohaOmeOrq3ne7FLc_1||571326|-303918.454206967|688356|205324|879083.659042893|HXePohaOmeOrq3ne7FLc_1||571326|-303918.454206967|688356|205324
1|763099.617605559|ORQdxuCezdl_101||571326|-303918.454206967|688356|205324|763099.617605559|ORQdxuCezdl_101||571326|-303918.454206967|688356|205324
1|69866.6238916453|wnKMJZf7_1||571326|-303918.454206967|688356|205324|69866.6238916453|wnKMJZf7_1||571326|-303918.454206967|688356|205324
6

ERR:
Error: near line 5: CHECK constraint failed: t_qELnF4m
Error: near line 7: CHECK constraint failed: t_qELnF4m
Error: near line 15: CHECK constraint failed: t_qELnF4m


--- v3.39.4 ---
OUT:
1|69866.6238916453|wnKMJZf7_1||571326|-303918.454206967|688356|205324|69866.6238916453|wnKMJZf7_1||571326|-303918.454206967|688356|205324
1|763099.617605559|ORQdxuCezdl_101||571326|-303918.454206967|688356|205324|763099.617605559|ORQdxuCezdl_101||571326|-303918.454206967|688356|205324
1|879083.659042893|HXePohaOmeOrq3ne7FLc_1||571326|-303918.454206967|688356|205324|879083.659042893|HXePohaOmeOrq3ne7FLc_1||571326|-303918.454206967|688356|205324
1|443498.684042273|CsuIW88_101||571326|-303918.454206967|688356|205324|443498.684042273|CsuIW88_101||571326|-303918.454206967|688356|205324
1|872803.401832185|01BYe_201||571326|-303918.454206967|688356|205324|872803.401832185|01BYe_201||571326|-303918.454206967|688356|205324
6

ERR:
Runtime error near line 5: CHECK constraint failed: c_asx6GelDt >= 0 (19)
Runtime error near line 7: CHECK constraint failed: c_asx6GelDt >= 0 (19)
Runtime error near line 15: CHECK constraint failed: c_asx6GelDt >= 0 (19)

