SQL:
CREATE TABLE IF NOT EXISTS t_flLA (c_3wr7bJLk2 NUMERIC DEFAULT 298278, c_0Qa TEXT, c_KY39 INTEGER, c_eaNUKKPu TEXT, c_NQOFLI INTEGER, c_cuDq NUMERIC, PRIMARY KEY (c_NQOFLI));
CREATE TABLE IF NOT EXISTS t_Z1n4N1Ql5 (c_MbJLt4aGC TEXT CHECK (length(c_MbJLt4aGC) > 0), c_WHWR TEXT);
CREATE TABLE IF NOT EXISTS t_98xhSOg (c_p6F5UDzxA INTEGER NOT NULL DEFAULT -339574, c_auu1 INTEGER, c_IQGNjkm NUMERIC, c_dKC REAL CHECK (c_dKC >= 0), FOREIGN KEY (c_dKC) REFERENCES t_NsoyD(c_N71rG));
WITH cte_FLX AS (SELECT 1) INSERT OR REPLACE INTO t_flLA (c_3wr7bJLk2, c_0Qa, c_KY39, c_eaNUKKPu, c_NQOFLI, c_cuDq) VALUES (-226762, 'QeKlnhkJ_1', 793850, 'YJshvjx_3', -949289, -227272), (770992, '0R4_101', 861896, 'v383VlbiEpu0in_103', 1447762, 1293466);
INSERT OR FAIL INTO t_flLA (c_3wr7bJLk2, c_0Qa, c_KY39, c_eaNUKKPu, c_NQOFLI, c_cuDq) VALUES (-732824, 'M7aq8mx9lV_1', 900003, 'bX9NMUABp_3', 156333, 1006366);
INSERT OR FAIL INTO t_Z1n4N1Ql5 (c_MbJLt4aGC, c_WHWR) VALUES ('r_0', 'bJRqGLKQ_1'), ('XU_100', 'oIXGK0lh20SVjFj_101');
INSERT OR FAIL INTO t_Z1n4N1Ql5 (c_MbJLt4aGC, c_WHWR) VALUES ('cRaROdz5fFdw9AgKpO_0', 'hvJ6rZiuQjSWg0ATzM_1'), ('bwaSh7herRQowlLlHJE_100', '6Vf_101'), ('u_200', 'xt8D5BZ_201');
INSERT INTO t_98xhSOg (c_p6F5UDzxA, c_auu1, c_IQGNjkm, c_dKC) VALUES (-457576, -793610, -703339, 920163.5016476321), (199728, 1565780, 324970, -244677.11872723326);
INSERT OR ABORT INTO t_98xhSOg (c_p6F5UDzxA, c_auu1, c_IQGNjkm, c_dKC) VALUES (-253090, -226212, 823451, 773649.659333047), (551952, 1724173, 1796051, 293916.4834861271), (2432066, 2135432, 2073553, -140604.54702062742);
INSERT OR ABORT INTO t_98xhSOg (c_p6F5UDzxA, c_auu1, c_IQGNjkm, c_dKC) VALUES (366586, -447009, 617733, 134215.82479986385), (244014, 456972, 185512, -253238.61376495543);
INSERT OR IGNORE INTO t_98xhSOg (c_p6F5UDzxA, c_auu1, c_IQGNjkm, c_dKC) VALUES (16929, 412172, -259362, 314444.9599885775), (1773586, 72439, 1362790, -253761.41908117244);
INSERT OR ABORT INTO t_98xhSOg (c_p6F5UDzxA, c_auu1, c_IQGNjkm, c_dKC) SELECT 874675, NULL, 323590, NULL;
CREATE INDEX IF NOT EXISTS idx_EvP8y ON t_Z1n4N1Ql5(c_MbJLt4aGC, c_WHWR);
PRAGMA mmap_size = 37;;
PRAGMA journal_mode(WAL);;
PRAGMA wal_checkpoint;;
SELECT COUNT(*) FROM t_flLA;

--- v3.26.0 ---
OUT:
37
wal
0|-1|-1
3

ERR:
Error: near line 8: CHECK constraint failed: t_98xhSOg
Error: near line 9: CHECK constraint failed: t_98xhSOg
Error: near line 10: CHECK constraint failed: t_98xhSOg


--- v3.39.4 ---
OUT:
37
wal
0|0|0
3

ERR:
Runtime error near line 8: CHECK constraint failed: c_dKC >= 0 (19)
Runtime error near line 9: CHECK constraint failed: c_dKC >= 0 (19)
Runtime error near line 10: CHECK constraint failed: c_dKC >= 0 (19)

