SQL:
CREATE TABLE IF NOT EXISTS t_5wHJo9D (c_Vhq0WW8i INTEGER NOT NULL DEFAULT NULL, c_nEjF NUMERIC CHECK (c_nEjF >= 0), c_SzY INTEGER);
REPLACE INTO t_5wHJo9D (c_Vhq0WW8i, c_nEjF, c_SzY) SELECT -145892, -55905, 637479;
INSERT OR IGNORE INTO t_5wHJo9D (c_Vhq0WW8i, c_nEjF, c_SzY) SELECT 381195, NULL, 106936;
INSERT OR REPLACE INTO t_5wHJo9D (c_Vhq0WW8i, c_nEjF, c_SzY) SELECT NULL, 523932, 247887;
REPLACE INTO t_5wHJo9D (c_Vhq0WW8i, c_nEjF, c_SzY) VALUES (170810, -916, -803194), (1592111, 1031681, 406559), (2392658, 1464820, 1314192);
WITH cte_Bir AS (SELECT * FROM t_5wHJo9D LIMIT 10) SELECT * FROM cte_Bir;
CREATE INDEX IF NOT EXISTS idx_rReHA ON t_5wHJo9D(c_SzY, c_Vhq0WW8i, c_nEjF);
DELETE FROM t_5wHJo9D WHERE c_nEjF <= 335851;
SELECT COUNT(*) FROM t_5wHJo9D;

--- v3.26.0 ---
OUT:
381195||106936
|523932|247887
2

ERR:
Error: near line 2: CHECK constraint failed: t_5wHJo9D
Error: near line 5: CHECK constraint failed: t_5wHJo9D


--- v3.39.4 ---
OUT:
381195||106936
1

ERR:
Runtime error near line 2: CHECK constraint failed: c_nEjF >= 0 (19)
Runtime error near line 4: NOT NULL constraint failed: t_5wHJo9D.c_Vhq0WW8i (19)
Runtime error near line 5: CHECK constraint failed: c_nEjF >= 0 (19)

