SQL:
CREATE TABLE IF NOT EXISTS t_LdGLreEqB (c_yzq TEXT, c_ZoY224 INTEGER, c_nGURmqS3W TEXT, c_kMh3R INTEGER DEFAULT -225253, c_4sFmSlvhpC REAL UNIQUE DEFAULT NULL);
CREATE TABLE IF NOT EXISTS t_oOW4 (c_DtW3to INTEGER UNIQUE DEFAULT -178623, c_KOj REAL, c_7qCPxiCE TEXT PRIMARY KEY DEFAULT NULL, c_O5BWFJ INTEGER, c_mUBb REAL UNIQUE, c_jg8mKU2fC INTEGER) WITHOUT ROWID;
CREATE TABLE t_DDr (c_dki4cTrT8 TEXT, c_El0 INTEGER DEFAULT 637167, c_sCXwHUxt TEXT, c_UmazXPEYa NUMERIC, c_eg3plD2w NUMERIC, c_U3aB NUMERIC, c_WoaMIw9R NUMERIC CHECK (c_WoaMIw9R >= 0), c_yrHr0 NUMERIC NOT NULL DEFAULT -866111, c_bdcgkOq1O INTEGER CHECK (c_bdcgkOq1O >= 0));
REPLACE INTO t_LdGLreEqB (c_yzq, c_ZoY224, c_nGURmqS3W, c_kMh3R, c_4sFmSlvhpC) VALUES ('Ih4dsvtjKhJEUZiQ5A_0', 553680, '4Cq1s9pWGnfBX4_2', 292066, 640306.1857072045);
REPLACE INTO t_LdGLreEqB (c_yzq, c_ZoY224, c_nGURmqS3W, c_kMh3R, c_4sFmSlvhpC) VALUES ('2gf1rhWBRT_0', -586285, 'CP7OduOJ8e_2', -642188, 967086.9984596027), ('p4Cr11CHtWaOjpGC_100', 390479, 'tEp9IXzKtGr_102', 1828581, 171329.9214023198);
INSERT OR ABORT INTO t_LdGLreEqB (c_yzq, c_ZoY224, c_nGURmqS3W, c_kMh3R, c_4sFmSlvhpC) SELECT 'J1tGYl95VXCgS91', -224431, '3pJ', -503583, 899987.0662008219;
INSERT OR REPLACE INTO t_LdGLreEqB (c_yzq, c_ZoY224, c_nGURmqS3W, c_kMh3R, c_4sFmSlvhpC) VALUES ('839TmuBK3c_0', 232818, 'goMSq8_2', 169006, -404004.27285861445), ('2nycQ1XE3AmV_100', 610403, 'wr0Kh8t5_102', 1463163, 420383.8909929334), ('kvYL4ngKaEPh7vhJ0rpy_200', 1340526, 'daLVUC7wZHG_202', 1407469, -279056.7320140067);
INSERT INTO t_LdGLreEqB (c_yzq, c_ZoY224, c_nGURmqS3W, c_kMh3R, c_4sFmSlvhpC) VALUES ('G9tQVhVxtXx1hpG_0', -715000, 'WSWcdDsoNGdsJNWyWTxh_2', 513637, -587433.7887306989), ('aNbtor75bllQ_100', 532485, 'ZS_102', 403028, -236686.72958826704), ('ymAbHP3XWsSEDdyEng_200', 1521727, 'FAVC8r62thx0fT4SyRi_202', 2591868, -428172.4048004792);
INSERT OR FAIL INTO t_oOW4 (c_DtW3to, c_KOj, c_7qCPxiCE, c_O5BWFJ, c_mUBb, c_jg8mKU2fC) VALUES (370134, 415122.48521468556, 'ngGqh2HCJFSH_2', 270071, -613166.3267411352, -592063), (1654360, -243369.7306607504, 'acMrYiWAr8oCw_102', 1337521, -31835.362501851865, 997164), (2990783, 945100.8682636446, 'I8hs9pt_202', 2726230, -229385.04791787965, 2775767);
INSERT OR REPLACE INTO t_DDr (c_dki4cTrT8, c_El0, c_sCXwHUxt, c_UmazXPEYa, c_eg3plD2w, c_U3aB, c_WoaMIw9R, c_yrHr0, c_bdcgkOq1O) VALUES ('YHvTgjzpbbuANqFRzOXd_0', 162482, 'bBn2rILINzjxO99jg8l_2', 254199, -433478, 47647, -111867, -348647, -9777), ('pXb0nsHwV2B2XGAv_100', 517300, '0cfr9m_102', 1494318, 470067, 639330, 2006942, 1905340, 783202);
REPLACE INTO t_DDr (c_dki4cTrT8, c_El0, c_sCXwHUxt, c_UmazXPEYa, c_eg3plD2w, c_U3aB, c_WoaMIw9R, c_yrHr0, c_bdcgkOq1O) VALUES ('DPRfOf5_0', -474504, 'C3G2_2', 571852, 1029127, -505226, -350472, -441594, 886546);
ALTER TABLE t_LdGLreEqB ADD COLUMN c_9zEuMkhv TEXT;
BEGIN TRANSACTION;
UPDATE OR ABORT t_LdGLreEqB SET c_kMh3R = 411415, c_4sFmSlvhpC = 759638.5922027719 WHERE c_4sFmSlvhpC > 917252.7755408955;
REPLACE INTO t_oOW4 (c_DtW3to, c_KOj, c_7qCPxiCE, c_O5BWFJ, c_mUBb, c_jg8mKU2fC) SELECT 510181, -539551.5240054638, NULL, 905570, -227782.21766827535, NULL;
COMMIT;
SELECT COUNT(*) FROM t_DDr;

--- v3.26.0 ---
OUT:
0

ERR:
Error: near line 10: CHECK constraint failed: t_DDr
Error: near line 11: CHECK constraint failed: t_DDr


--- v3.39.4 ---
OUT:
0

ERR:
Runtime error near line 10: CHECK constraint failed: c_WoaMIw9R >= 0 (19)
Runtime error near line 11: CHECK constraint failed: c_WoaMIw9R >= 0 (19)
Runtime error near line 15: NOT NULL constraint failed: t_oOW4.c_7qCPxiCE (19)

