SQL:
CREATE TABLE t_7rLq4zurf (c_gNHwHF TEXT DEFAULT '48wQFKowjURjqbTRUQI', c_nk4jcJRtBk TEXT, c_lkedl8VhY TEXT, c_bJt INTEGER NOT NULL DEFAULT -567072, c_HpHyc6c2 TEXT DEFAULT 'm9qaxvXbODIheuejCRq' CHECK (length(c_HpHyc6c2) > 0));
CREATE TABLE IF NOT EXISTS t_58A8u (c_WBQ NUMERIC NOT NULL, c_shvl REAL, c_qH5Yhm REAL DEFAULT -198363.6896888204, c_f2uACgWmk REAL, c_a3uKjsW2Sp NUMERIC DEFAULT -211465, PRIMARY KEY (c_f2uACgWmk));
CREATE TABLE IF NOT EXISTS t_k1fc06C08 (c_66MWXoG INTEGER, c_w42LC REAL, c_wTwpt1MQ REAL, c_wOh REAL, c_Fui2Mtn TEXT, c_YcBnHRU7L INTEGER, c_E5ro TEXT, c_7Kt TEXT NOT NULL DEFAULT NULL, c_eM40UJWc8 TEXT COLLATE NOCASE, UNIQUE (c_wTwpt1MQ, c_YcBnHRU7L, c_66MWXoG));
REPLACE INTO t_7rLq4zurf (c_gNHwHF, c_nk4jcJRtBk, c_lkedl8VhY, c_bJt, c_HpHyc6c2) VALUES ('m_0', 'm6GroF2OPX7MZDkN_1', 'l5cduaEp_2', -244447, 'Wy7XumANKFYJCOuYv4em_4'), ('7g9qUZq_100', 'AwNY6TkJZbTy_101', 'fcfrx3Wd1FKeg_102', 1519035, 'xZ8G_104'), ('93jdjlDjZZi8K_200', 'Ztj3aPk0IJU_201', 'Mr_202', 2446843, 'ZZIa1ZF35_204');
WITH cte_VDj AS (SELECT 1) INSERT OR FAIL INTO t_7rLq4zurf (c_gNHwHF, c_nk4jcJRtBk, c_lkedl8VhY, c_bJt, c_HpHyc6c2) VALUES ('JfF_0', '1eRMXnR9B_1', 'HjTFC71qr5TgQT5ldxXz_2', 531738, '8VTx_4'), ('ZETT9U0J_100', '5iJ5vd_101', 'TrXZNc_102', 1325324, '91n3aABCiNy9zNT_104');
REPLACE INTO t_58A8u (c_WBQ, c_shvl, c_qH5Yhm, c_f2uACgWmk, c_a3uKjsW2Sp) SELECT NULL, 172370.9962924742, 542299.2698103369, -791663.4409805478, -12557;
INSERT OR IGNORE INTO t_k1fc06C08 (c_66MWXoG, c_w42LC, c_wTwpt1MQ, c_wOh, c_Fui2Mtn, c_YcBnHRU7L, c_E5ro, c_7Kt, c_eM40UJWc8) VALUES (-50124, 372421.1343587092, -203115.5144784219, -388393.1384173329, 'hO7djJrb_4', 418574, 'VQ2UFL22hlzFjaH_6', 'iuc7H8Dc9waF3lsg_7', 'UsHU_8'), (85576, -457436.51075137756, 148044.24249875266, 266691.7910600675, 'EPK6ifL_104', 1429739, 'afa6LXgL72VzQgP_106', 'VXlrvT3ekCF_107', 'TWfX_108');
WITH cte_W5R AS (SELECT 1) INSERT OR FAIL INTO t_k1fc06C08 (c_66MWXoG, c_w42LC, c_wTwpt1MQ, c_wOh, c_Fui2Mtn, c_YcBnHRU7L, c_E5ro, c_7Kt, c_eM40UJWc8) SELECT 73142, 269200.54256895836, -651478.5260670637, -541811.6829981916, '2svSp34ILltzGDe', -565840, 'ZZuAzfRFQp2', 'JwGN6PqGsX', 'c0';
INSERT OR REPLACE INTO t_k1fc06C08 (c_66MWXoG, c_w42LC, c_wTwpt1MQ, c_wOh, c_Fui2Mtn, c_YcBnHRU7L, c_E5ro, c_7Kt, c_eM40UJWc8) VALUES (501360, 862461.7048620635, 208995.34675586922, -861821.5790118421, 'yRlFHYxKFpRNIKEf_4', 641648, 'e_6', 'SIyNeqORo_7', 'vG9doSuypLbcuymna_8');
REPLACE INTO t_k1fc06C08 (c_66MWXoG, c_w42LC, c_wTwpt1MQ, c_wOh, c_Fui2Mtn, c_YcBnHRU7L, c_E5ro, c_7Kt, c_eM40UJWc8) SELECT NULL, 985682.5932087391, 81778.74006206426, 250663.65055706585, 'cfIRP', 854622, NULL, NULL, 'DZ3vOPurnJls';
INSERT INTO t_k1fc06C08 (c_66MWXoG, c_w42LC, c_wTwpt1MQ, c_wOh, c_Fui2Mtn, c_YcBnHRU7L, c_E5ro, c_7Kt, c_eM40UJWc8) VALUES (306161, -319712.9479084007, 122331.92618330242, 353157.22785206884, 'DBHSGlxg8BFx_4', -516533, 'dmIyPZsUTDlJE_6', 'fLUgCz1ejWs_7', 'Kzf7DVK_8');
ALTER TABLE t_7rLq4zurf ADD COLUMN c_vPtJ2qqkIt REAL;
CREATE INDEX IF NOT EXISTS idx_yWgkz ON t_k1fc06C08(c_eM40UJWc8 ASC) WHERE c_wOh IS NOT NULL;
SELECT COUNT(*) FROM t_k1fc06C08;

--- v3.26.0 ---
OUT:
6

ERR:
Error: near line 6: NOT NULL constraint failed: t_58A8u.c_WBQ


--- v3.39.4 ---
OUT:
5

ERR:
Runtime error near line 6: NOT NULL constraint failed: t_58A8u.c_WBQ (19)
Runtime error near line 10: NOT NULL constraint failed: t_k1fc06C08.c_7Kt (19)

