SQL:
PRAGMA checkpoint_fullfsync(0);
CREATE TABLE IF NOT EXISTS t_yxyo3Ber (c_mZg INTEGER DEFAULT -61956, c_zWueUePsX5 INTEGER, c_q5sXa47N REAL, c_sBZj NUMERIC UNIQUE, c_ltw2a INTEGER DEFAULT 504715, c_iZWP4H9zR TEXT, c_0NXx REAL DEFAULT 84726.94221389666);
CREATE TABLE IF NOT EXISTS t_bKpCbMDf (c_kxrR TEXT DEFAULT 'iNxNTGq5bO' COLLATE NOCASE, c_YgcDn4yRb8 INTEGER CHECK (c_YgcDn4yRb8 >= 0), c_vEaAz0xjv REAL, c_O5orPh INTEGER DEFAULT -224545, c_2OH6 NUMERIC, UNIQUE (c_2OH6));
CREATE TABLE IF NOT EXISTS t_EjW3ii (c_IhqBra INTEGER, c_DA6Yqw6LG REAL, c_tzIBH TEXT PRIMARY KEY NOT NULL DEFAULT NULL, c_HhaXeRKVsX NUMERIC, c_zpPEI1o45T NUMERIC DEFAULT -298770, c_cKO INTEGER DEFAULT 264862);
INSERT INTO t_yxyo3Ber (c_mZg, c_zWueUePsX5, c_q5sXa47N, c_sBZj, c_ltw2a, c_iZWP4H9zR, c_0NXx) VALUES (938779, 754118, -910847.9034696601, -917416, 307984, 'rezI6BJ6k_5', 208868.9024073414), (1866971, 385089, 194612.72458791872, 996747, 55894, 'YR5vqnlK3mBv_105', 254369.56519658281);
INSERT OR IGNORE INTO t_bKpCbMDf (c_kxrR, c_YgcDn4yRb8, c_vEaAz0xjv, c_O5orPh, c_2OH6) VALUES ('zFxbERPp_0', 832444, -228035.55059856642, 371259, 821450), ('q1fuZM3_100', 1795812, 712584.0168829574, 439112, 967199);
REPLACE INTO t_bKpCbMDf (c_kxrR, c_YgcDn4yRb8, c_vEaAz0xjv, c_O5orPh, c_2OH6) SELECT 'SuZFELIPYR4LmP', 263022, -327764.65619475266, NULL, 453090;
REPLACE INTO t_bKpCbMDf (c_kxrR, c_YgcDn4yRb8, c_vEaAz0xjv, c_O5orPh, c_2OH6) SELECT 'KnY1BnAXOgVGmSfN', 370392, NULL, 431339, 250857;
REPLACE INTO t_EjW3ii (c_IhqBra, c_DA6Yqw6LG, c_tzIBH, c_HhaXeRKVsX, c_zpPEI1o45T, c_cKO) SELECT 939519, 584564.0902709716, NULL, NULL, 724072, -8040;
INSERT OR REPLACE INTO t_EjW3ii (c_IhqBra, c_DA6Yqw6LG, c_tzIBH, c_HhaXeRKVsX, c_zpPEI1o45T, c_cKO) SELECT 887099, -142151.873792751, 'mLXjxAiy', 727871, -378044, -905175;
CREATE UNIQUE INDEX IF NOT EXISTS idx_CvHlx ON t_EjW3ii(c_IhqBra, c_HhaXeRKVsX DESC, c_zpPEI1o45T);
UPDATE OR FAIL t_bKpCbMDf SET c_2OH6 = NULL WHERE c_O5orPh >= 610121;
CREATE INDEX idx_lgLCr ON t_bKpCbMDf(c_kxrR COLLATE RTRIM DESC);
ALTER TABLE t_bKpCbMDf ADD COLUMN c_aCj REAL;
ALTER TABLE t_yxyo3Ber ADD COLUMN c_gN6a TEXT;
SELECT COUNT(*) FROM t_EjW3ii;

--- v3.26.0 ---
OUT:
2

ERR:


--- v3.39.4 ---
OUT:
1

ERR:
Runtime error near line 9: NOT NULL constraint failed: t_EjW3ii.c_tzIBH (19)

