SQL:
CREATE TABLE t_MNK (c_gWXHt NUMERIC, c_WGDYxb1 TEXT NOT NULL DEFAULT NULL, c_REuN REAL, c_6imw4 NUMERIC);
CREATE TABLE IF NOT EXISTS t_lHdVb3 (c_5Se NUMERIC DEFAULT -543927, c_F0VAbwJf NUMERIC UNIQUE, c_eZ9W REAL, c_gIb REAL DEFAULT 545764.0688500472, c_P7ibnNmi NUMERIC, c_ZOL INTEGER, c_aw5O TEXT DEFAULT 'TfWtGPDy', c_c0EHC NUMERIC NOT NULL);
INSERT OR REPLACE INTO t_MNK (c_gWXHt, c_WGDYxb1, c_REuN, c_6imw4) SELECT -178988, NULL, -472548.7281199194, 582904;
INSERT OR FAIL INTO t_MNK (c_gWXHt, c_WGDYxb1, c_REuN, c_6imw4) VALUES (-903593, 'WKO_1', 674509.3520310442, 434682);
WITH cte_YHi AS (SELECT 1) INSERT OR ABORT INTO t_MNK (c_gWXHt, c_WGDYxb1, c_REuN, c_6imw4) VALUES (957180, 'Td2QA_1', -324746.7688782576, 921804), (1968140, 'Xo4_101', -5088.564626534237, 34013);
INSERT OR REPLACE INTO t_lHdVb3 (c_5Se, c_F0VAbwJf, c_eZ9W, c_gIb, c_P7ibnNmi, c_ZOL, c_aw5O, c_c0EHC) VALUES (821455, -318764, 529038.570175356, 454602.4680547728, -47656, -669430, 'D5jOBlfmwatE_6', -682032);
WITH cte_3Op AS (SELECT * FROM t_MNK LIMIT 10) SELECT * FROM cte_3Op;
DELETE FROM t_MNK WHERE c_REuN > 758848.3478895826;
WITH cte_GNh AS (SELECT * FROM t_MNK LIMIT 10) SELECT * FROM cte_GNh;
PRAGMA temp_store = FILE;;
SELECT COUNT(*) FROM t_lHdVb3;

--- v3.26.0 ---
OUT:
-178988||-472548.728119919|582904
-903593|WKO_1|674509.352031044|434682
957180|Td2QA_1|-324746.768878258|921804
1968140|Xo4_101|-5088.56462653424|34013
-178988||-472548.728119919|582904
-903593|WKO_1|674509.352031044|434682
957180|Td2QA_1|-324746.768878258|921804
1968140|Xo4_101|-5088.56462653424|34013
1

ERR:


--- v3.39.4 ---
OUT:
-903593|WKO_1|674509.352031044|434682
957180|Td2QA_1|-324746.768878258|921804
1968140|Xo4_101|-5088.56462653424|34013
-903593|WKO_1|674509.352031044|434682
957180|Td2QA_1|-324746.768878258|921804
1968140|Xo4_101|-5088.56462653424|34013
1

ERR:
Runtime error near line 3: NOT NULL constraint failed: t_MNK.c_WGDYxb1 (19)

