SQL:
CREATE TABLE IF NOT EXISTS t_6Qv60jKT (c_V4qc3 INTEGER DEFAULT NULL, c_CpPSMjbcJj NUMERIC, c_6GtP8e1XCC INTEGER, c_oIO72 INTEGER, c_PdLp REAL, c_5wRY4oiiq REAL DEFAULT -315470.1015422081, c_ETEAFN51r REAL, c_V8UpLV2 INTEGER DEFAULT -784726, UNIQUE (c_PdLp));
CREATE TABLE t_ku3f8 (c_tZZQsh TEXT UNIQUE, c_4uH INTEGER PRIMARY KEY, c_jRkZPpY INTEGER NOT NULL DEFAULT NULL, c_Lz7c TEXT DEFAULT 'Cj', c_ap1 TEXT DEFAULT 'S3X4gWbaiDFe0wKv', c_IthRV REAL, c_eDEL13P1 REAL NOT NULL, c_8L9qmXfhI NUMERIC NOT NULL);
INSERT OR FAIL INTO t_6Qv60jKT (c_V4qc3, c_CpPSMjbcJj, c_6GtP8e1XCC, c_oIO72, c_PdLp, c_5wRY4oiiq, c_ETEAFN51r, c_V8UpLV2) VALUES (874164, 254344, 212184, -872069, -733845.2969297604, -260116.66301682778, -573372.1730817276, -521523);
INSERT OR FAIL INTO t_ku3f8 (c_tZZQsh, c_4uH, c_jRkZPpY, c_Lz7c, c_ap1, c_IthRV, c_eDEL13P1, c_8L9qmXfhI) VALUES ('XWVqP_0', 108931, -790564, 'MwIh014PX_3', 'Pp7ytxdWgcIpmmvmzQ_4', 674633.6705574915, -431006.0309237053, 230989), ('e10oLRLnsO6O5YuqSBb_100', 516323, 43850, 'okggYkFR_103', 'k55Kv6SW2u_104', 245203.05100798584, 326189.34080024646, 109992), ('6EUjlZbMDa3WbL_200', 1479748, 2418092, 'Gj5LwtXiQueU_203', 'Tw849GQS3ykRadjT7_204', -392982.289249436, 232090.5323804547, 1841015);
INSERT OR IGNORE INTO t_ku3f8 (c_tZZQsh, c_4uH, c_jRkZPpY, c_Lz7c, c_ap1, c_IthRV, c_eDEL13P1, c_8L9qmXfhI) VALUES ('aRTU0yrQd_0', -637234, 208861, 'xrtve6JdL0Rw_3', 'UEjdk3hD_4', 264697.6165599383, 774593.8196951358, -797390);
INSERT OR ABORT INTO t_ku3f8 (c_tZZQsh, c_4uH, c_jRkZPpY, c_Lz7c, c_ap1, c_IthRV, c_eDEL13P1, c_8L9qmXfhI) VALUES ('pV7mwSR3d8mP0kUWwc_0', 668424, 745365, 'ZanYSuhNWTOqH_3', 'Djrp_4', -587937.1829129206, 699563.9646099459, -136542);
REPLACE INTO t_ku3f8 (c_tZZQsh, c_4uH, c_jRkZPpY, c_Lz7c, c_ap1, c_IthRV, c_eDEL13P1, c_8L9qmXfhI) SELECT '4nUvyJC3qj8', -116459, NULL, 'Y', 'zMnHkcK', 993360.6682051166, -580426.586461728, -942696;
WITH cte_Lud AS (SELECT * FROM t_6Qv60jKT LIMIT 10) SELECT * FROM cte_Lud;
SELECT t_ku3f8.c_Lz7c, t_ku3f8.*, c_ap1, *, ROUND((t_6Qv60jKT.c_V4qc3 / x'0D4E'), NOT t_6Qv60jKT.c_PdLp) AS alias_tib FROM t_ku3f8 JOIN t_6Qv60jKT ON t_ku3f8.c_jRkZPpY = t_6Qv60jKT.c_V4qc3 ORDER BY c_V8UpLV2 DESC;
ALTER TABLE t_6Qv60jKT ADD COLUMN c_xNtp5 INTEGER;
SELECT COUNT(*) FROM t_ku3f8;

--- v3.26.0 ---
OUT:
874164|254344|212184|-872069|-733845.29692976|-260116.663016828|-573372.173081728|-521523
6

ERR:


--- v3.39.4 ---
OUT:
874164|254344|212184|-872069|-733845.29692976|-260116.663016828|-573372.173081728|-521523
5

ERR:
Runtime error near line 7: NOT NULL constraint failed: t_ku3f8.c_jRkZPpY (19)

