SQL:
PRAGMA count_changes;
CREATE TABLE IF NOT EXISTS t_tUOleIR (c_nLWzEr REAL, c_oKTaD INTEGER, c_fRN2BQW REAL, c_dyko INTEGER NOT NULL, c_V1bo INTEGER UNIQUE, c_6ajcT TEXT UNIQUE DEFAULT '9ymxF1RzfikpACkIkX', c_NwbJg7K INTEGER, c_xSIlnf0w1J TEXT DEFAULT '0SxE4Cz');
CREATE TABLE t_oIS (c_jUK REAL, c_8bvXq NUMERIC, c_WDLcg NUMERIC PRIMARY KEY, c_1KEH5tER INTEGER CHECK (c_1KEH5tER >= 0));
INSERT OR ABORT INTO t_tUOleIR (c_nLWzEr, c_oKTaD, c_fRN2BQW, c_dyko, c_V1bo, c_6ajcT, c_NwbJg7K, c_xSIlnf0w1J) SELECT -317537.1552499288, -632279, -644876.905931004, -196873, -36920, 'V5f87AK56fhFEbAgtE', -7641, 'WyGb7vTz1c';
INSERT INTO t_tUOleIR (c_nLWzEr, c_oKTaD, c_fRN2BQW, c_dyko, c_V1bo, c_6ajcT, c_NwbJg7K, c_xSIlnf0w1J) VALUES (446130.07132721576, -803198, 268851.52164696646, -673356, -614671, 'Is1Z3NGH_5', 691471, 'kLMmCJkyu_7'), (-554296.0946258494, 1880270, 195568.86839272245, 2021901, 815397, 'kGvbT_105', 744856, '4_107'), (-318734.41773473844, 1100838, 357976.7268409699, 2002048, 1655769, 'N61D_205', 2695342, 'uocb46jnsEzTlW6dI8C_207');
INSERT OR FAIL INTO t_tUOleIR (c_nLWzEr, c_oKTaD, c_fRN2BQW, c_dyko, c_V1bo, c_6ajcT, c_NwbJg7K, c_xSIlnf0w1J) VALUES (225120.95371322427, 556800, 642054.546972641, -384185, 455828, 'wv9JfsFERPnM_5', 100528, 'efFFxqMd6Puu02Cq86_7'), (216878.4908796153, 974519, 560498.6846186614, 708053, 417854, '9gBSZWTE6v_105', 1268532, 'W_107');
WITH cte_g8R AS (SELECT 1) REPLACE INTO t_oIS (c_jUK, c_8bvXq, c_WDLcg, c_1KEH5tER) VALUES (738729.7479979224, 212120, -341982, -610990);
INSERT OR IGNORE INTO t_oIS (c_jUK, c_8bvXq, c_WDLcg, c_1KEH5tER) VALUES (347839.8604225046, -329146, 45746, -740613);
INSERT OR FAIL INTO t_oIS (c_jUK, c_8bvXq, c_WDLcg, c_1KEH5tER) VALUES (-242129.690914948, 151102, -2809, 941032), (437054.5796077859, 1930899, 1175133, 1375514);
INSERT OR IGNORE INTO t_oIS (c_jUK, c_8bvXq, c_WDLcg, c_1KEH5tER) VALUES (98749.97697856929, -834452, 500953, 598904), (313295.4593402564, 49776, 271864, 1291048), (143625.0887949199, 2360217, 1527183, 2076144);
CREATE UNIQUE INDEX IF NOT EXISTS idx_dUGJV ON t_tUOleIR(c_oKTaD, c_xSIlnf0w1J);
SELECT *, t_oIS.c_jUK, (('gmxXrnr2Im7Lg6C84c' >> -603570) & CASE t_oIS.c_8bvXq WHEN t_oIS.c_8bvXq THEN t_oIS.c_1KEH5tER WHEN t_oIS.c_8bvXq THEN t_tUOleIR.c_dyko WHEN x'9102' THEN t_tUOleIR.c_xSIlnf0w1J ELSE t_tUOleIR.c_fRN2BQW END) AS alias_RDh, ('5qCPBE7' / -838220), c_WDLcg FROM t_oIS CROSS JOIN t_tUOleIR WHERE (MIN(TRUE, t_oIS.c_8bvXq, t_oIS.c_1KEH5tER) << x'8B9858');
PRAGMA mmap_size(25);;
SELECT COUNT(*) FROM t_oIS;

--- v3.26.0 ---
OUT:
0
-242129.690914948|151102|-2809|941032|-317537.155249929|-632279|-644876.905931004|-196873|-36920|V5f87AK56fhFEbAgtE|-7641|WyGb7vTz1c|-242129.690914948|0|-5.96502111617475e-06|-2809
-242129.690914948|151102|-2809|941032|446130.071327216|-803198|268851.521646966|-673356|-614671|Is1Z3NGH_5|691471|kLMmCJkyu_7|-242129.690914948|0|-5.96502111617475e-06|-2809
-242129.690914948|151102|-2809|941032|-554296.094625849|1880270|195568.868392722|2021901|815397|kGvbT_105|744856|4_107|-242129.690914948|0|-5.96502111617475e-06|-2809
-242129.690914948|151102|-2809|941032|-318734.417734738|1100838|357976.72684097|2002048|1655769|N61D_205|2695342|uocb46jnsEzTlW6dI8C_207|-242129.690914948|0|-5.96502111617475e-06|-2809
-242129.690914948|151102|-2809|941032|225120.953713224|556800|642054.546972641|-384185|455828|wv9JfsFERPnM_5|100528|efFFxqMd6Puu02Cq86_7|-242129.690914948|0|-5.96502111617475e-06|-2809
-242129.690914948|151102|-2809|941032|216878.490879615|974519|560498.684618661|708053|417854|9gBSZWTE6v_105|1268532|W_107|-242129.690914948|0|-5.96502111617475e-06|-2809
437054.579607786|1930899|1175133|1375514|-317537.155249929|-632279|-644876.905931004|-196873|-36920|V5f87AK56fhFEbAgtE|-7641|WyGb7vTz1c|437054.579607786|0|-5.96502111617475e-06|1175133
437054.579607786|1930899|1175133|1375514|446130.071327216|-803198|268851.521646966|-673356|-614671|Is1Z3NGH_5|691471|kLMmCJkyu_7|437054.579607786|0|-5.96502111617475e-06|1175133
437054.579607786|1930899|1175133|1375514|-554296.094625849|1880270|195568.868392722|2021901|815397|kGvbT_105|744856|4_107|437054.579607786|0|-5.96502111617475e-06|1175133
437054.579607786|1930899|1175133|1375514|-318734.417734738|1100838|357976.72684097|2002048|1655769|N61D_205|2695342|uocb46jnsEzTlW6dI8C_207|437054.579607786|0|-5.96502111617475e-06|1175133
437054.579607786|1930899|1175133|1375514|225120.953713224|556800|642054.546972641|-384185|455828|wv9JfsFERPnM_5|100528|efFFxqMd6Puu02Cq86_7|437054.579607786|0|-5.96502111617475e-06|1175133
437054.579607786|1930899|1175133|1375514|216878.490879615|974519|560498.684618661|708053|417854|9gBSZWTE6v_105|1268532|W_107|437054.579607786|0|-5.96502111617475e-06|1175133
98749.9769785693|-834452|500953|598904|-317537.155249929|-632279|-644876.905931004|-196873|-36920|V5f87AK56fhFEbAgtE|-7641|WyGb7vTz1c|98749.9769785693|0|-5.96502111617475e-06|500953
98749.9769785693|-834452|500953|598904|446130.071327216|-803198|268851.521646966|-673356|-614671|Is1Z3NGH_5|691471|kLMmCJkyu_7|98749.9769785693|0|-5.96502111617475e-06|500953
98749.9769785693|-834452|500953|598904|-554296.094625849|1880270|195568.868392722|2021901|815397|kGvbT_105|744856|4_107|98749.9769785693|0|-5.96502111617475e-06|500953
98749.9769785693|-834452|500953|598904|-318734.417734738|1100838|357976.72684097|2002048|1655769|N61D_205|2695342|uocb46jnsEzTlW6dI8C_207|98749.9769785693|0|-5.96502111617475e-06|500953
98749.9769785693|-834452|500953|598904|225120.953713224|556800|642054.546972641|-384185|455828|wv9JfsFERPnM_5|100528|efFFxqMd6Puu02Cq86_7|98749.9769785693|0|-5.96502111617475e-06|500953
98749.9769785693|-834452|500953|598904|216878.490879615|974519|560498.684618661|708053|417854|9gBSZWTE6v_105|1268532|W_107|98749.9769785693|0|-5.96502111617475e-06|500953
313295.459340256|49776|271864|1291048|-317537.155249929|-632279|-644876.905931004|-196873|-36920|V5f87AK56fhFEbAgtE|-7641|WyGb7vTz1c|313295.459340256|0|-5.96502111617475e-06|271864
313295.459340256|49776|271864|1291048|446130.071327216|-803198|268851.521646966|-673356|-614671|Is1Z3NGH_5|691471|kLMmCJkyu_7|313295.459340256|0|-5.96502111617475e-06|271864
313295.459340256|49776|271864|1291048|-554296.094625849|1880270|195568.868392722|2021901|815397|kGvbT_105|744856|4_107|313295.459340256|0|-5.96502111617475e-06|271864
313295.459340256|49776|271864|1291048|-318734.417734738|1100838|357976.72684097|2002048|1655769|N61D_205|2695342|uocb46jnsEzTlW6dI8C_207|313295.459340256|0|-5.96502111617475e-06|271864
313295.459340256|49776|271864|1291048|225120.953713224|556800|642054.546972641|-384185|455828|wv9JfsFERPnM_5|100528|efFFxqMd6Puu02Cq86_7|313295.459340256|0|-5.96502111617475e-06|271864
313295.459340256|49776|271864|1291048|216878.490879615|974519|560498.684618661|708053|417854|9gBSZWTE6v_105|1268532|W_107|313295.459340256|0|-5.96502111617475e-06|271864
143625.08879492|2360217|1527183|2076144|-317537.155249929|-632279|-644876.905931004|-196873|-36920|V5f87AK56fhFEbAgtE|-7641|WyGb7vTz1c|143625.08879492|0|-5.96502111617475e-06|1527183
143625.08879492|2360217|1527183|2076144|446130.071327216|-803198|268851.521646966|-673356|-614671|Is1Z3NGH_5|691471|kLMmCJkyu_7|143625.08879492|0|-5.96502111617475e-06|1527183
143625.08879492|2360217|1527183|2076144|-554296.094625849|1880270|195568.868392722|2021901|815397|kGvbT_105|744856|4_107|143625.08879492|0|-5.96502111617475e-06|1527183
143625.08879492|2360217|1527183|2076144|-318734.417734738|1100838|357976.72684097|2002048|1655769|N61D_205|2695342|uocb46jnsEzTlW6dI8C_207|143625.08879492|0|-5.96502111617475e-06|1527183
143625.08879492|2360217|1527183|2076144|225120.953713224|556800|642054.546972641|-384185|455828|wv9JfsFERPnM_5|100528|efFFxqMd6Puu02Cq86_7|143625.08879492|0|-5.96502111617475e-06|1527183
143625.08879492|2360217|1527183|2076144|216878.490879615|974519|560498.684618661|708053|417854|9gBSZWTE6v_105|1268532|W_107|143625.08879492|0|-5.96502111617475e-06|1527183
25
5

ERR:
Error: near line 7: CHECK constraint failed: t_oIS


--- v3.39.4 ---
OUT:
0
-242129.690914948|151102|-2809|941032|-317537.155249929|-632279|-644876.905931004|-196873|-36920|V5f87AK56fhFEbAgtE|-7641|WyGb7vTz1c|-242129.690914948|0|0|-2809
-242129.690914948|151102|-2809|941032|446130.071327216|-803198|268851.521646966|-673356|-614671|Is1Z3NGH_5|691471|kLMmCJkyu_7|-242129.690914948|0|0|-2809
-242129.690914948|151102|-2809|941032|-554296.094625849|1880270|195568.868392722|2021901|815397|kGvbT_105|744856|4_107|-242129.690914948|0|0|-2809
-242129.690914948|151102|-2809|941032|-318734.417734738|1100838|357976.72684097|2002048|1655769|N61D_205|2695342|uocb46jnsEzTlW6dI8C_207|-242129.690914948|0|0|-2809
-242129.690914948|151102|-2809|941032|225120.953713224|556800|642054.546972641|-384185|455828|wv9JfsFERPnM_5|100528|efFFxqMd6Puu02Cq86_7|-242129.690914948|0|0|-2809
-242129.690914948|151102|-2809|941032|216878.490879615|974519|560498.684618661|708053|417854|9gBSZWTE6v_105|1268532|W_107|-242129.690914948|0|0|-2809
437054.579607786|1930899|1175133|1375514|-317537.155249929|-632279|-644876.905931004|-196873|-36920|V5f87AK56fhFEbAgtE|-7641|WyGb7vTz1c|437054.579607786|0|0|1175133
437054.579607786|1930899|1175133|1375514|446130.071327216|-803198|268851.521646966|-673356|-614671|Is1Z3NGH_5|691471|kLMmCJkyu_7|437054.579607786|0|0|1175133
437054.579607786|1930899|1175133|1375514|-554296.094625849|1880270|195568.868392722|2021901|815397|kGvbT_105|744856|4_107|437054.579607786|0|0|1175133
437054.579607786|1930899|1175133|1375514|-318734.417734738|1100838|357976.72684097|2002048|1655769|N61D_205|2695342|uocb46jnsEzTlW6dI8C_207|437054.579607786|0|0|1175133
437054.579607786|1930899|1175133|1375514|225120.953713224|556800|642054.546972641|-384185|455828|wv9JfsFERPnM_5|100528|efFFxqMd6Puu02Cq86_7|437054.579607786|0|0|1175133
437054.579607786|1930899|1175133|1375514|216878.490879615|974519|560498.684618661|708053|417854|9gBSZWTE6v_105|1268532|W_107|437054.579607786|0|0|1175133
98749.9769785693|-834452|500953|598904|-317537.155249929|-632279|-644876.905931004|-196873|-36920|V5f87AK56fhFEbAgtE|-7641|WyGb7vTz1c|98749.9769785693|0|0|500953
98749.9769785693|-834452|500953|598904|446130.071327216|-803198|268851.521646966|-673356|-614671|Is1Z3NGH_5|691471|kLMmCJkyu_7|98749.9769785693|0|0|500953
98749.9769785693|-834452|500953|598904|-554296.094625849|1880270|195568.868392722|2021901|815397|kGvbT_105|744856|4_107|98749.9769785693|0|0|500953
98749.9769785693|-834452|500953|598904|-318734.417734738|1100838|357976.72684097|2002048|1655769|N61D_205|2695342|uocb46jnsEzTlW6dI8C_207|98749.9769785693|0|0|500953
98749.9769785693|-834452|500953|598904|225120.953713224|556800|642054.546972641|-384185|455828|wv9JfsFERPnM_5|100528|efFFxqMd6Puu02Cq86_7|98749.9769785693|0|0|500953
98749.9769785693|-834452|500953|598904|216878.490879615|974519|560498.684618661|708053|417854|9gBSZWTE6v_105|1268532|W_107|98749.9769785693|0|0|500953
313295.459340256|49776|271864|1291048|-317537.155249929|-632279|-644876.905931004|-196873|-36920|V5f87AK56fhFEbAgtE|-7641|WyGb7vTz1c|313295.459340256|0|0|271864
313295.459340256|49776|271864|1291048|446130.071327216|-803198|268851.521646966|-673356|-614671|Is1Z3NGH_5|691471|kLMmCJkyu_7|313295.459340256|0|0|271864
313295.459340256|49776|271864|1291048|-554296.094625849|1880270|195568.868392722|2021901|815397|kGvbT_105|744856|4_107|313295.459340256|0|0|271864
313295.459340256|49776|271864|1291048|-318734.417734738|1100838|357976.72684097|2002048|1655769|N61D_205|2695342|uocb46jnsEzTlW6dI8C_207|313295.459340256|0|0|271864
313295.459340256|49776|271864|1291048|225120.953713224|556800|642054.546972641|-384185|455828|wv9JfsFERPnM_5|100528|efFFxqMd6Puu02Cq86_7|313295.459340256|0|0|271864
313295.459340256|49776|271864|1291048|216878.490879615|974519|560498.684618661|708053|417854|9gBSZWTE6v_105|1268532|W_107|313295.459340256|0|0|271864
143625.08879492|2360217|1527183|2076144|-317537.155249929|-632279|-644876.905931004|-196873|-36920|V5f87AK56fhFEbAgtE|-7641|WyGb7vTz1c|143625.08879492|0|0|1527183
143625.08879492|2360217|1527183|2076144|446130.071327216|-803198|268851.521646966|-673356|-614671|Is1Z3NGH_5|691471|kLMmCJkyu_7|143625.08879492|0|0|1527183
143625.08879492|2360217|1527183|2076144|-554296.094625849|1880270|195568.868392722|2021901|815397|kGvbT_105|744856|4_107|143625.08879492|0|0|1527183
143625.08879492|2360217|1527183|2076144|-318734.417734738|1100838|357976.72684097|2002048|1655769|N61D_205|2695342|uocb46jnsEzTlW6dI8C_207|143625.08879492|0|0|1527183
143625.08879492|2360217|1527183|2076144|225120.953713224|556800|642054.546972641|-384185|455828|wv9JfsFERPnM_5|100528|efFFxqMd6Puu02Cq86_7|143625.08879492|0|0|1527183
143625.08879492|2360217|1527183|2076144|216878.490879615|974519|560498.684618661|708053|417854|9gBSZWTE6v_105|1268532|W_107|143625.08879492|0|0|1527183
25
5

ERR:
Runtime error near line 7: CHECK constraint failed: c_1KEH5tER >= 0 (19)

