SQL:
CREATE TABLE IF NOT EXISTS t_AN1TM9Rkfx (c_zvijCid NUMERIC, PRIMARY KEY (c_zvijCid), UNIQUE (c_zvijCid));
INSERT OR REPLACE INTO t_AN1TM9Rkfx (c_zvijCid) VALUES (-960775), (887119);
REPLACE INTO t_AN1TM9Rkfx (c_zvijCid) VALUES (-864797), (1700767);
REPLACE INTO t_AN1TM9Rkfx (c_zvijCid) VALUES (-451495), (1080894), (1302491);
CREATE INDEX IF NOT EXISTS idx_MpOtg ON t_AN1TM9Rkfx(c_zvijCid COLLATE BINARY ASC);
WITH cte_XpA AS (SELECT * FROM t_AN1TM9Rkfx LIMIT 10) SELECT * FROM cte_XpA;
WITH cte_szV AS (SELECT * FROM t_AN1TM9Rkfx LIMIT 10) SELECT c_zvijCid, 'WPspodbgfw4o60' AS alias_286, t_AN1TM9Rkfx.c_zvijCid FROM t_AN1TM9Rkfx WHERE CASE t_AN1TM9Rkfx.c_zvijCid WHEN CASE t_AN1TM9Rkfx.c_zvijCid WHEN t_AN1TM9Rkfx.c_zvijCid THEN t_AN1TM9Rkfx.c_zvijCid ELSE NULL END THEN t_AN1TM9Rkfx.c_zvijCid WHEN ~ t_AN1TM9Rkfx.c_zvijCid THEN - t_AN1TM9Rkfx.c_zvijCid WHEN t_AN1TM9Rkfx.c_zvijCid THEN TYPEOF(t_AN1TM9Rkfx.c_zvijCid) END GROUP BY c_zvijCid;
CREATE INDEX IF NOT EXISTS idx_QUTHY ON t_AN1TM9Rkfx(c_zvijCid COLLATE BINARY) WHERE c_zvijCid IS NOT NULL;
SELECT c_zvijCid, 'MGIMNeeQ3cxMwNH' FROM t_AN1TM9Rkfx WHERE c_zvijCid;
SELECT COUNT(*) FROM t_AN1TM9Rkfx;

--- v3.26.0 ---
OUT:
-960775
887119
-864797
1700767
-451495
1080894
1302491
-960775|WPspodbgfw4o60|-960775
-864797|WPspodbgfw4o60|-864797
-451495|WPspodbgfw4o60|-451495
887119|WPspodbgfw4o60|887119
1080894|WPspodbgfw4o60|1080894
1302491|WPspodbgfw4o60|1302491
1700767|WPspodbgfw4o60|1700767
-960775|MGIMNeeQ3cxMwNH
887119|MGIMNeeQ3cxMwNH
-864797|MGIMNeeQ3cxMwNH
1700767|MGIMNeeQ3cxMwNH
-451495|MGIMNeeQ3cxMwNH
1080894|MGIMNeeQ3cxMwNH
1302491|MGIMNeeQ3cxMwNH
7

ERR:


--- v3.39.4 ---
OUT:
-960775
887119
-864797
1700767
-451495
1080894
1302491
-960775|WPspodbgfw4o60|-960775
-864797|WPspodbgfw4o60|-864797
-451495|WPspodbgfw4o60|-451495
887119|WPspodbgfw4o60|887119
1080894|WPspodbgfw4o60|1080894
1302491|WPspodbgfw4o60|1302491
1700767|WPspodbgfw4o60|1700767
-960775|MGIMNeeQ3cxMwNH
-864797|MGIMNeeQ3cxMwNH
-451495|MGIMNeeQ3cxMwNH
887119|MGIMNeeQ3cxMwNH
1080894|MGIMNeeQ3cxMwNH
1302491|MGIMNeeQ3cxMwNH
1700767|MGIMNeeQ3cxMwNH
7

ERR:

