SQL:
CREATE TABLE t_wG9kl (c_mUN8O NUMERIC UNIQUE, c_Q2k INTEGER, c_5S9ASr6 REAL DEFAULT 568372.007939586, c_7sv1oVbG TEXT PRIMARY KEY UNIQUE, c_7tcVSQK REAL, c_9HWUq9gqT INTEGER NOT NULL DEFAULT NULL, c_IrThg2p4S NUMERIC NOT NULL, c_HCoLvZK REAL DEFAULT NULL, c_l4OLLs5608 INTEGER);
INSERT OR FAIL INTO t_wG9kl (c_mUN8O, c_Q2k, c_5S9ASr6, c_7sv1oVbG, c_7tcVSQK, c_9HWUq9gqT, c_IrThg2p4S, c_HCoLvZK, c_l4OLLs5608) VALUES (822433, -470471, -828094.3395758172, 'JolBwe0QLYPgyzSBTu1u_3', -449599.44508001476, -471963, 925945, -968581.7706521689, 820886);
INSERT OR REPLACE INTO t_wG9kl (c_mUN8O, c_Q2k, c_5S9ASr6, c_7sv1oVbG, c_7tcVSQK, c_9HWUq9gqT, c_IrThg2p4S, c_HCoLvZK, c_l4OLLs5608) SELECT 430235, -728598, 702077.384182811, 'KQVYuvCRXW3', -553501.1063652099, NULL, -213083, 831982.8212395071, NULL;
WITH cte_msy AS (SELECT 1) REPLACE INTO t_wG9kl (c_mUN8O, c_Q2k, c_5S9ASr6, c_7sv1oVbG, c_7tcVSQK, c_9HWUq9gqT, c_IrThg2p4S, c_HCoLvZK, c_l4OLLs5608) SELECT -79290, -874447, 138243.33569702157, 'D0qh', -627121.5855001693, 948042, -336520, -108341.5397306655, 619349;
INSERT INTO t_wG9kl (c_mUN8O, c_Q2k, c_5S9ASr6, c_7sv1oVbG, c_7tcVSQK, c_9HWUq9gqT, c_IrThg2p4S, c_HCoLvZK, c_l4OLLs5608) SELECT -835302, 243134, 14478.678452616557, 'P8Cl5ngKVejDNR9pRCg', 253023.22169868508, 958374, 233876, -930822.4373682934, 701954;
REPLACE INTO t_wG9kl (c_mUN8O, c_Q2k, c_5S9ASr6, c_7sv1oVbG, c_7tcVSQK, c_9HWUq9gqT, c_IrThg2p4S, c_HCoLvZK, c_l4OLLs5608) SELECT 145248, -548429, -191540.9513950745, 'yXC7jpFMazj', NULL, -645516, 765740, 81176.7069537898, 430761;
DELETE FROM t_wG9kl WHERE c_7sv1oVbG IS NULL;
CREATE INDEX IF NOT EXISTS idx_T6Xxk ON t_wG9kl(c_9HWUq9gqT);
DELETE FROM t_wG9kl WHERE c_l4OLLs5608 >= -640084;
SELECT COUNT(*) FROM t_wG9kl;

--- v3.26.0 ---
OUT:
1

ERR:


--- v3.39.4 ---
OUT:
0

ERR:
Runtime error near line 3: NOT NULL constraint failed: t_wG9kl.c_9HWUq9gqT (19)

