SQL:
CREATE TABLE IF NOT EXISTS t_UdVfEa (c_QusRvZ4o INTEGER PRIMARY KEY, c_1DMmeG4Q INTEGER CHECK (c_1DMmeG4Q >= 0), c_wcpVgjf TEXT NOT NULL DEFAULT NULL, c_bWglwCJ7 REAL, UNIQUE (c_QusRvZ4o));
CREATE TABLE t_JnwnZkHN (c_GbExF7gn TEXT, c_M4P TEXT, c_Z07 TEXT);
REPLACE INTO t_UdVfEa (c_QusRvZ4o, c_1DMmeG4Q, c_wcpVgjf, c_bWglwCJ7) VALUES (87576, -395922, '8bYAf_2', -766705.1088844833);
INSERT OR ABORT INTO t_UdVfEa (c_QusRvZ4o, c_1DMmeG4Q, c_wcpVgjf, c_bWglwCJ7) VALUES (997706, 713628, 'XW_2', -317380.37688480597), (936095, 1807249, 'U01Fb9_102', 364704.4693687798);
INSERT OR ABORT INTO t_UdVfEa (c_QusRvZ4o, c_1DMmeG4Q, c_wcpVgjf, c_bWglwCJ7) VALUES (-69111, 47196, 'deIJPwleUI8SWwgfG5g_2', 808181.569758587);
WITH cte_Csp AS (SELECT 1) REPLACE INTO t_UdVfEa (c_QusRvZ4o, c_1DMmeG4Q, c_wcpVgjf, c_bWglwCJ7) SELECT NULL, 580103, NULL, 130290.72563074692;
INSERT OR ABORT INTO t_JnwnZkHN (c_GbExF7gn, c_M4P, c_Z07) VALUES ('NhimFzO93TIA_0', 'aYw5UQ9gI_1', 'isMeLqHlZfF01Mv_2'), ('tidaa_100', 'Ph_101', 'wedwyvVgYchrz_102'), ('U1TbX0l_200', 'WPTkjkkwRTuvyy8g8qv_201', '43G9RloKFZWzPnKNIw_202');
WITH cte_wLQ AS (SELECT 1) INSERT OR IGNORE INTO t_JnwnZkHN (c_GbExF7gn, c_M4P, c_Z07) SELECT 'YBbSLOI', 'QIgDlcQNN7Sqx3s', 'JkFeqfXPTK7K';
REPLACE INTO t_JnwnZkHN (c_GbExF7gn, c_M4P, c_Z07) VALUES ('g4DwfMXjcf5VHGmg_0', 'vG5yfMzW_1', 'UoNE7_2'), ('l_100', 'GQuA1fpUA_101', 'Sg496RGEJskp7_102'), ('IGF_200', 'i5_201', '82Ns2Nor3EYKc9uc47_202');
BEGIN TRANSACTION;
UPDATE OR ROLLBACK t_JnwnZkHN SET c_GbExF7gn = '71x5I5NG3EtRpg82S', c_M4P = 'R4xgK5r1HXXXtJfbCK', c_Z07 = 'u8m' WHERE c_Z07 IS NULL;
UPDATE OR IGNORE t_JnwnZkHN SET c_M4P = '2vFYzRqaI75', c_Z07 = 'CeNMU', c_GbExF7gn = 'vHfeWrkuukm' WHERE c_Z07 <= 'uEU1V5db5XnAkGO8qS';
COMMIT;
ALTER TABLE t_JnwnZkHN ADD COLUMN c_T3kukHZC NUMERIC;
SELECT COUNT(*) FROM t_UdVfEa;

--- v3.26.0 ---
OUT:
4

ERR:
Error: near line 3: CHECK constraint failed: t_UdVfEa


--- v3.39.4 ---
OUT:
3

ERR:
Runtime error near line 3: CHECK constraint failed: c_1DMmeG4Q >= 0 (19)
Runtime error near line 6: NOT NULL constraint failed: t_UdVfEa.c_wcpVgjf (19)

