SQL:
CREATE TABLE t_OCF1wmmS (c_Sh2MGVsUhP TEXT, c_dMn7J NUMERIC NOT NULL DEFAULT NULL, c_iBmxs INTEGER, c_M5k INTEGER DEFAULT 7332);
CREATE TEMP TABLE IF NOT EXISTS t_Ln6UTfNn (c_Lb0fSBcvyL INTEGER, c_iu3704 REAL PRIMARY KEY, c_mYJReH TEXT PRIMARY KEY CHECK (length(c_mYJReH) > 0), c_ELyMb5mPhA NUMERIC);
REPLACE INTO t_OCF1wmmS (c_Sh2MGVsUhP, c_dMn7J, c_iBmxs, c_M5k) SELECT 'NJxmky', NULL, NULL, -986581;
REPLACE INTO t_OCF1wmmS (c_Sh2MGVsUhP, c_dMn7J, c_iBmxs, c_M5k) VALUES ('PpwzHFn4yahC78SVvhG_0', -504294, 166695, -216755), ('5Tiaq2hDkU2kgtYzMKM_100', 1502848, 230748, 2023449), ('wM2NbS2_200', 2502086, 2221272, 2750674);
REPLACE INTO t_OCF1wmmS (c_Sh2MGVsUhP, c_dMn7J, c_iBmxs, c_M5k) VALUES ('0I7ITPSQ_0', -242856, 952368, -268790);
INSERT OR REPLACE INTO t_OCF1wmmS (c_Sh2MGVsUhP, c_dMn7J, c_iBmxs, c_M5k) VALUES ('HpFPNM4RnsJ04cDlB6_0', 961206, 657210, 948614), ('svIkAIEkzl_100', 1981269, 631525, 1580522);
INSERT OR REPLACE INTO t_Ln6UTfNn (c_Lb0fSBcvyL, c_iu3704, c_mYJReH, c_ELyMb5mPhA) VALUES (-583832, 266312.3387776357, 'nndeqJ_2', 115737), (1800940, 278415.9808012794, 'Tq_102', 1226645), (2431624, -753582.6594658722, 'sSFR0_202', 1357501);
UPDATE OR ABORT t_OCF1wmmS SET c_Sh2MGVsUhP = 'EN0jCd1', c_dMn7J = -459103, c_M5k = 228391 WHERE c_iBmxs = 75488;
CREATE INDEX IF NOT EXISTS idx_SCeb0 ON t_OCF1wmmS(c_M5k COLLATE BINARY ASC);
PRAGMA incremental_vacuum(1);;
SELECT COUNT(*) FROM t_OCF1wmmS;

--- v3.26.0 ---
OUT:
7

ERR:
Error: near line 2: table "t_Ln6UTfNn" has more than one primary key
Error: near line 7: no such table: t_Ln6UTfNn


--- v3.39.4 ---
OUT:
6

ERR:
Parse error near line 2: table "t_Ln6UTfNn" has more than one primary key
Runtime error near line 3: NOT NULL constraint failed: t_OCF1wmmS.c_dMn7J (19)
Parse error near line 7: no such table: t_Ln6UTfNn

